16/06/2017 09:11:28 PM	[logger.py setting_up_logger 48]  247 root [DEBUG] 
Create 'Output-Debug' folder in F:\NLP-Lab path
16/06/2017 09:11:28 PM	[logger.py setting_up_logger 49]  247 root [INFO ] 
Create 'Output-Debug' folder in F:\NLP-Lab path
16/06/2017 09:11:28 PM	[logger.py logger_print_msg 91]  247 root [DEBUG] 
Create html_pages folder
16/06/2017 09:11:28 PM	[logger.py logger_print_msg 93]  247 root [INFO ] 
Create html_pages folder
16/06/2017 09:11:28 PM	[logger.py logger_print_msg 91]  247 root [DEBUG] 
Create html_pages\am_oved_hebrew folder
16/06/2017 09:11:28 PM	[logger.py logger_print_msg 93]  247 root [INFO ] 
Create html_pages\am_oved_hebrew folder
16/06/2017 09:11:28 PM	[logger.py logger_print_msg 91]  247 root [DEBUG] 
Create html_pages\kibutz_poalim folder
16/06/2017 09:11:28 PM	[logger.py logger_print_msg 93]  247 root [INFO ] 
Create html_pages\kibutz_poalim folder
16/06/2017 09:11:28 PM	[logger.py logger_print_msg 91]  247 root [DEBUG] 
Create html_pages\short_story_project folder
16/06/2017 09:11:28 PM	[logger.py logger_print_msg 93]  247 root [INFO ] 
Create html_pages\short_story_project folder
16/06/2017 09:11:28 PM	[logger.py logger_print_msg 91]  247 root [DEBUG] 
Create html_pages\am_oved folder
16/06/2017 09:11:28 PM	[logger.py logger_print_msg 93]  247 root [INFO ] 
Create html_pages\am_oved folder
16/06/2017 09:11:28 PM	[logger.py logger_print_msg 91]  247 root [DEBUG] 
Create html_pages\dortome folder
16/06/2017 09:11:28 PM	[logger.py logger_print_msg 93]  247 root [INFO ] 
Create html_pages\dortome folder
16/06/2017 09:11:28 PM	[logger.py logger_print_msg 91]  247 root [DEBUG] 
Create F:\NLP-Lab\stories links file\am_oved_hebrew.html file
16/06/2017 09:11:28 PM	[logger.py logger_print_msg 93]  247 root [INFO ] 
Create F:\NLP-Lab\stories links file\am_oved_hebrew.html file
16/06/2017 09:11:28 PM	[logger.py logger_print_msg 91]  247 root [DEBUG] 
Cann't save file: F:\NLP-Lab\stories links file\am_oved_hebrew.html
16/06/2017 09:11:28 PM	[logger.py logger_print_msg 93]  247 root [INFO ] 
Cann't save file: F:\NLP-Lab\stories links file\am_oved_hebrew.html
16/06/2017 09:11:31 PM	[connectionpool.py _new_conn 207]  260 requests.packages.urllib3.connectionpool [DEBUG] Starting new HTTP connection (1): www.kibutz-poalim.co.il
16/06/2017 09:11:31 PM	[connectionpool.py _make_request 395]  407 requests.packages.urllib3.connectionpool [DEBUG] http://www.kibutz-poalim.co.il:80 "GET /%D7%A4%D7%A8%D7%A7%D7%99%D7%9D_%D7%A8%D7%90%D7%A9%D7%95%D7%A0%D7%99%D7%9D?bscrp=1 HTTP/1.1" 200 20453
16/06/2017 09:11:31 PM	[connectionpool.py _new_conn 207]  454 requests.packages.urllib3.connectionpool [DEBUG] Starting new HTTP connection (1): www.kibutz-poalim.co.il
16/06/2017 09:11:31 PM	[connectionpool.py _make_request 395]  583 requests.packages.urllib3.connectionpool [DEBUG] http://www.kibutz-poalim.co.il:80 "GET /%D7%A4%D7%A8%D7%A7%D7%99%D7%9D_%D7%A8%D7%90%D7%A9%D7%95%D7%A0%D7%99%D7%9D?bscrp=2 HTTP/1.1" 200 20611
16/06/2017 09:11:31 PM	[connectionpool.py _new_conn 207]  629 requests.packages.urllib3.connectionpool [DEBUG] Starting new HTTP connection (1): www.kibutz-poalim.co.il
16/06/2017 09:11:31 PM	[connectionpool.py _make_request 395]  755 requests.packages.urllib3.connectionpool [DEBUG] http://www.kibutz-poalim.co.il:80 "GET /%D7%A4%D7%A8%D7%A7%D7%99%D7%9D_%D7%A8%D7%90%D7%A9%D7%95%D7%A0%D7%99%D7%9D?bscrp=3 HTTP/1.1" 200 20749
16/06/2017 09:11:31 PM	[connectionpool.py _new_conn 207]  774 requests.packages.urllib3.connectionpool [DEBUG] Starting new HTTP connection (1): www.kibutz-poalim.co.il
16/06/2017 09:11:31 PM	[connectionpool.py _make_request 395]  910 requests.packages.urllib3.connectionpool [DEBUG] http://www.kibutz-poalim.co.il:80 "GET /%D7%A4%D7%A8%D7%A7%D7%99%D7%9D_%D7%A8%D7%90%D7%A9%D7%95%D7%A0%D7%99%D7%9D?bscrp=4 HTTP/1.1" 200 21380
16/06/2017 09:11:31 PM	[connectionpool.py _new_conn 207]  935 requests.packages.urllib3.connectionpool [DEBUG] Starting new HTTP connection (1): www.kibutz-poalim.co.il
16/06/2017 09:11:32 PM	[connectionpool.py _make_request 395]  57 requests.packages.urllib3.connectionpool [DEBUG] http://www.kibutz-poalim.co.il:80 "GET /%D7%A4%D7%A8%D7%A7%D7%99%D7%9D_%D7%A8%D7%90%D7%A9%D7%95%D7%A0%D7%99%D7%9D?bscrp=5 HTTP/1.1" 200 19849
16/06/2017 09:11:32 PM	[connectionpool.py _new_conn 207]  72 requests.packages.urllib3.connectionpool [DEBUG] Starting new HTTP connection (1): www.kibutz-poalim.co.il
16/06/2017 09:11:32 PM	[connectionpool.py _make_request 395]  217 requests.packages.urllib3.connectionpool [DEBUG] http://www.kibutz-poalim.co.il:80 "GET /%D7%A4%D7%A8%D7%A7%D7%99%D7%9D_%D7%A8%D7%90%D7%A9%D7%95%D7%A0%D7%99%D7%9D?bscrp=6 HTTP/1.1" 200 20460
16/06/2017 09:11:32 PM	[connectionpool.py _new_conn 207]  232 requests.packages.urllib3.connectionpool [DEBUG] Starting new HTTP connection (1): www.kibutz-poalim.co.il
16/06/2017 09:11:32 PM	[connectionpool.py _make_request 395]  389 requests.packages.urllib3.connectionpool [DEBUG] http://www.kibutz-poalim.co.il:80 "GET /%D7%A4%D7%A8%D7%A7%D7%99%D7%9D_%D7%A8%D7%90%D7%A9%D7%95%D7%A0%D7%99%D7%9D?bscrp=7 HTTP/1.1" 200 20829
16/06/2017 09:11:32 PM	[connectionpool.py _new_conn 207]  408 requests.packages.urllib3.connectionpool [DEBUG] Starting new HTTP connection (1): www.kibutz-poalim.co.il
16/06/2017 09:11:32 PM	[connectionpool.py _make_request 395]  538 requests.packages.urllib3.connectionpool [DEBUG] http://www.kibutz-poalim.co.il:80 "GET /%D7%A4%D7%A8%D7%A7%D7%99%D7%9D_%D7%A8%D7%90%D7%A9%D7%95%D7%A0%D7%99%D7%9D?bscrp=8 HTTP/1.1" 200 20601
16/06/2017 09:11:32 PM	[connectionpool.py _new_conn 207]  563 requests.packages.urllib3.connectionpool [DEBUG] Starting new HTTP connection (1): www.kibutz-poalim.co.il
16/06/2017 09:11:32 PM	[connectionpool.py _make_request 395]  688 requests.packages.urllib3.connectionpool [DEBUG] http://www.kibutz-poalim.co.il:80 "GET /%D7%A4%D7%A8%D7%A7%D7%99%D7%9D_%D7%A8%D7%90%D7%A9%D7%95%D7%A0%D7%99%D7%9D?bscrp=9 HTTP/1.1" 200 20721
16/06/2017 09:11:32 PM	[connectionpool.py _new_conn 207]  718 requests.packages.urllib3.connectionpool [DEBUG] Starting new HTTP connection (1): www.kibutz-poalim.co.il
16/06/2017 09:11:32 PM	[connectionpool.py _make_request 395]  834 requests.packages.urllib3.connectionpool [DEBUG] http://www.kibutz-poalim.co.il:80 "GET /%D7%A4%D7%A8%D7%A7%D7%99%D7%9D_%D7%A8%D7%90%D7%A9%D7%95%D7%A0%D7%99%D7%9D?bscrp=10 HTTP/1.1" 200 20270
16/06/2017 09:11:32 PM	[connectionpool.py _new_conn 207]  849 requests.packages.urllib3.connectionpool [DEBUG] Starting new HTTP connection (1): www.kibutz-poalim.co.il
16/06/2017 09:11:32 PM	[connectionpool.py _make_request 395]  986 requests.packages.urllib3.connectionpool [DEBUG] http://www.kibutz-poalim.co.il:80 "GET /%D7%A4%D7%A8%D7%A7%D7%99%D7%9D_%D7%A8%D7%90%D7%A9%D7%95%D7%A0%D7%99%D7%9D?bscrp=11 HTTP/1.1" 200 20057
16/06/2017 09:11:33 PM	[connectionpool.py _new_conn 207]  8 requests.packages.urllib3.connectionpool [DEBUG] Starting new HTTP connection (1): www.kibutz-poalim.co.il
16/06/2017 09:11:33 PM	[connectionpool.py _make_request 395]  125 requests.packages.urllib3.connectionpool [DEBUG] http://www.kibutz-poalim.co.il:80 "GET /%D7%A4%D7%A8%D7%A7%D7%99%D7%9D_%D7%A8%D7%90%D7%A9%D7%95%D7%A0%D7%99%D7%9D?bscrp=12 HTTP/1.1" 200 19896
16/06/2017 09:11:33 PM	[connectionpool.py _new_conn 207]  140 requests.packages.urllib3.connectionpool [DEBUG] Starting new HTTP connection (1): www.kibutz-poalim.co.il
16/06/2017 09:11:33 PM	[connectionpool.py _make_request 395]  267 requests.packages.urllib3.connectionpool [DEBUG] http://www.kibutz-poalim.co.il:80 "GET /%D7%A4%D7%A8%D7%A7%D7%99%D7%9D_%D7%A8%D7%90%D7%A9%D7%95%D7%A0%D7%99%D7%9D?bscrp=13 HTTP/1.1" 200 19666
16/06/2017 09:11:33 PM	[connectionpool.py _new_conn 207]  301 requests.packages.urllib3.connectionpool [DEBUG] Starting new HTTP connection (1): www.kibutz-poalim.co.il
16/06/2017 09:11:33 PM	[connectionpool.py _make_request 395]  424 requests.packages.urllib3.connectionpool [DEBUG] http://www.kibutz-poalim.co.il:80 "GET /%D7%A4%D7%A8%D7%A7%D7%99%D7%9D_%D7%A8%D7%90%D7%A9%D7%95%D7%A0%D7%99%D7%9D?bscrp=14 HTTP/1.1" 200 19303
16/06/2017 09:11:33 PM	[connectionpool.py _new_conn 207]  442 requests.packages.urllib3.connectionpool [DEBUG] Starting new HTTP connection (1): www.kibutz-poalim.co.il
16/06/2017 09:11:33 PM	[connectionpool.py _make_request 395]  579 requests.packages.urllib3.connectionpool [DEBUG] http://www.kibutz-poalim.co.il:80 "GET /%D7%A4%D7%A8%D7%A7%D7%99%D7%9D_%D7%A8%D7%90%D7%A9%D7%95%D7%A0%D7%99%D7%9D?bscrp=15 HTTP/1.1" 200 19316
16/06/2017 09:11:33 PM	[connectionpool.py _new_conn 207]  602 requests.packages.urllib3.connectionpool [DEBUG] Starting new HTTP connection (1): www.kibutz-poalim.co.il
16/06/2017 09:11:33 PM	[connectionpool.py _make_request 395]  734 requests.packages.urllib3.connectionpool [DEBUG] http://www.kibutz-poalim.co.il:80 "GET /%D7%A4%D7%A8%D7%A7%D7%99%D7%9D_%D7%A8%D7%90%D7%A9%D7%95%D7%A0%D7%99%D7%9D?bscrp=16 HTTP/1.1" 200 18981
16/06/2017 09:11:33 PM	[connectionpool.py _new_conn 207]  757 requests.packages.urllib3.connectionpool [DEBUG] Starting new HTTP connection (1): www.kibutz-poalim.co.il
16/06/2017 09:11:33 PM	[connectionpool.py _make_request 395]  873 requests.packages.urllib3.connectionpool [DEBUG] http://www.kibutz-poalim.co.il:80 "GET /%D7%A4%D7%A8%D7%A7%D7%99%D7%9D_%D7%A8%D7%90%D7%A9%D7%95%D7%A0%D7%99%D7%9D?bscrp=17 HTTP/1.1" 200 19737
16/06/2017 09:11:33 PM	[connectionpool.py _new_conn 207]  910 requests.packages.urllib3.connectionpool [DEBUG] Starting new HTTP connection (1): www.kibutz-poalim.co.il
16/06/2017 09:11:34 PM	[connectionpool.py _make_request 395]  244 requests.packages.urllib3.connectionpool [DEBUG] http://www.kibutz-poalim.co.il:80 "GET /%D7%A4%D7%A8%D7%A7%D7%99%D7%9D_%D7%A8%D7%90%D7%A9%D7%95%D7%A0%D7%99%D7%9D?bscrp=18 HTTP/1.1" 200 18878
16/06/2017 09:11:34 PM	[connectionpool.py _new_conn 207]  278 requests.packages.urllib3.connectionpool [DEBUG] Starting new HTTP connection (1): www.kibutz-poalim.co.il
16/06/2017 09:11:34 PM	[connectionpool.py _make_request 395]  401 requests.packages.urllib3.connectionpool [DEBUG] http://www.kibutz-poalim.co.il:80 "GET /%D7%A4%D7%A8%D7%A7%D7%99%D7%9D_%D7%A8%D7%90%D7%A9%D7%95%D7%A0%D7%99%D7%9D?bscrp=19 HTTP/1.1" 200 17442
16/06/2017 09:13:20 PM	[logger.py logger_print_msg 91]  192 root [DEBUG] 
Create html_pages folder
16/06/2017 09:13:20 PM	[logger.py logger_print_msg 93]  192 root [INFO ] 
Create html_pages folder
16/06/2017 09:13:20 PM	[logger.py logger_print_msg 91]  192 root [DEBUG] 
Create html_pages\short_story_project folder
16/06/2017 09:13:20 PM	[logger.py logger_print_msg 93]  192 root [INFO ] 
Create html_pages\short_story_project folder
16/06/2017 09:13:20 PM	[logger.py logger_print_msg 91]  192 root [DEBUG] 
Create html_pages\am_oved_hebrew folder
16/06/2017 09:13:20 PM	[logger.py logger_print_msg 93]  192 root [INFO ] 
Create html_pages\am_oved_hebrew folder
16/06/2017 09:13:20 PM	[logger.py logger_print_msg 91]  192 root [DEBUG] 
Create html_pages\am_oved folder
16/06/2017 09:13:20 PM	[logger.py logger_print_msg 93]  192 root [INFO ] 
Create html_pages\am_oved folder
16/06/2017 09:13:20 PM	[logger.py logger_print_msg 91]  192 root [DEBUG] 
Create html_pages\kibutz_poalim folder
16/06/2017 09:13:20 PM	[logger.py logger_print_msg 93]  192 root [INFO ] 
Create html_pages\kibutz_poalim folder
16/06/2017 09:13:20 PM	[logger.py logger_print_msg 91]  192 root [DEBUG] 
Create html_pages\dortome folder
16/06/2017 09:13:20 PM	[logger.py logger_print_msg 93]  192 root [INFO ] 
Create html_pages\dortome folder
16/06/2017 09:13:20 PM	[logger.py logger_print_msg 91]  192 root [DEBUG] 
Create F:\NLP-Lab\stories links file\short_story_project.html file
16/06/2017 09:13:20 PM	[logger.py logger_print_msg 93]  192 root [INFO ] 
Create F:\NLP-Lab\stories links file\short_story_project.html file
16/06/2017 09:13:20 PM	[logger.py logger_print_msg 91]  192 root [DEBUG] 
Cann't save file: F:\NLP-Lab\stories links file\short_story_project.html
16/06/2017 09:13:20 PM	[logger.py logger_print_msg 93]  192 root [INFO ] 
Cann't save file: F:\NLP-Lab\stories links file\short_story_project.html
16/06/2017 09:13:20 PM	[logger.py logger_print_msg 91]  192 root [DEBUG] 
Create F:\NLP-Lab\stories links file\am_oved_hebrew.html file
16/06/2017 09:13:20 PM	[logger.py logger_print_msg 93]  192 root [INFO ] 
Create F:\NLP-Lab\stories links file\am_oved_hebrew.html file
16/06/2017 09:13:20 PM	[logger.py logger_print_msg 91]  192 root [DEBUG] 
Cann't save file: F:\NLP-Lab\stories links file\am_oved_hebrew.html
16/06/2017 09:13:20 PM	[logger.py logger_print_msg 93]  192 root [INFO ] 
Cann't save file: F:\NLP-Lab\stories links file\am_oved_hebrew.html
16/06/2017 09:13:23 PM	[logger.py logger_print_msg 91]  192 root [DEBUG] 
Create F:\NLP-Lab\stories links file\am_oved.html file
16/06/2017 09:13:23 PM	[logger.py logger_print_msg 93]  192 root [INFO ] 
Create F:\NLP-Lab\stories links file\am_oved.html file
16/06/2017 09:13:23 PM	[logger.py logger_print_msg 91]  193 root [DEBUG] 
Cann't save file: F:\NLP-Lab\stories links file\am_oved.html
16/06/2017 09:13:23 PM	[logger.py logger_print_msg 93]  193 root [INFO ] 
Cann't save file: F:\NLP-Lab\stories links file\am_oved.html
16/06/2017 09:13:26 PM	[connectionpool.py _new_conn 207]  201 requests.packages.urllib3.connectionpool [DEBUG] Starting new HTTP connection (1): www.kibutz-poalim.co.il
16/06/2017 09:13:26 PM	[connectionpool.py _make_request 395]  391 requests.packages.urllib3.connectionpool [DEBUG] http://www.kibutz-poalim.co.il:80 "GET /%D7%A4%D7%A8%D7%A7%D7%99%D7%9D_%D7%A8%D7%90%D7%A9%D7%95%D7%A0%D7%99%D7%9D?bscrp=1 HTTP/1.1" 200 20453
16/06/2017 09:13:26 PM	[connectionpool.py _new_conn 207]  437 requests.packages.urllib3.connectionpool [DEBUG] Starting new HTTP connection (1): www.kibutz-poalim.co.il
16/06/2017 09:13:26 PM	[connectionpool.py _make_request 395]  572 requests.packages.urllib3.connectionpool [DEBUG] http://www.kibutz-poalim.co.il:80 "GET /%D7%A4%D7%A8%D7%A7%D7%99%D7%9D_%D7%A8%D7%90%D7%A9%D7%95%D7%A0%D7%99%D7%9D?bscrp=2 HTTP/1.1" 200 20611
16/06/2017 09:13:26 PM	[connectionpool.py _new_conn 207]  614 requests.packages.urllib3.connectionpool [DEBUG] Starting new HTTP connection (1): www.kibutz-poalim.co.il
16/06/2017 09:13:26 PM	[connectionpool.py _make_request 395]  742 requests.packages.urllib3.connectionpool [DEBUG] http://www.kibutz-poalim.co.il:80 "GET /%D7%A4%D7%A8%D7%A7%D7%99%D7%9D_%D7%A8%D7%90%D7%A9%D7%95%D7%A0%D7%99%D7%9D?bscrp=3 HTTP/1.1" 200 20749
16/06/2017 09:13:26 PM	[connectionpool.py _new_conn 207]  787 requests.packages.urllib3.connectionpool [DEBUG] Starting new HTTP connection (1): www.kibutz-poalim.co.il
16/06/2017 09:13:26 PM	[connectionpool.py _make_request 395]  901 requests.packages.urllib3.connectionpool [DEBUG] http://www.kibutz-poalim.co.il:80 "GET /%D7%A4%D7%A8%D7%A7%D7%99%D7%9D_%D7%A8%D7%90%D7%A9%D7%95%D7%A0%D7%99%D7%9D?bscrp=4 HTTP/1.1" 200 21380
16/06/2017 09:13:26 PM	[connectionpool.py _new_conn 207]  957 requests.packages.urllib3.connectionpool [DEBUG] Starting new HTTP connection (1): www.kibutz-poalim.co.il
16/06/2017 09:13:27 PM	[connectionpool.py _make_request 395]  95 requests.packages.urllib3.connectionpool [DEBUG] http://www.kibutz-poalim.co.il:80 "GET /%D7%A4%D7%A8%D7%A7%D7%99%D7%9D_%D7%A8%D7%90%D7%A9%D7%95%D7%A0%D7%99%D7%9D?bscrp=5 HTTP/1.1" 200 19849
16/06/2017 09:13:27 PM	[connectionpool.py _new_conn 207]  147 requests.packages.urllib3.connectionpool [DEBUG] Starting new HTTP connection (1): www.kibutz-poalim.co.il
16/06/2017 09:13:27 PM	[connectionpool.py _make_request 395]  269 requests.packages.urllib3.connectionpool [DEBUG] http://www.kibutz-poalim.co.il:80 "GET /%D7%A4%D7%A8%D7%A7%D7%99%D7%9D_%D7%A8%D7%90%D7%A9%D7%95%D7%A0%D7%99%D7%9D?bscrp=6 HTTP/1.1" 200 20460
16/06/2017 09:13:27 PM	[connectionpool.py _new_conn 207]  318 requests.packages.urllib3.connectionpool [DEBUG] Starting new HTTP connection (1): www.kibutz-poalim.co.il
16/06/2017 09:13:27 PM	[connectionpool.py _make_request 395]  455 requests.packages.urllib3.connectionpool [DEBUG] http://www.kibutz-poalim.co.il:80 "GET /%D7%A4%D7%A8%D7%A7%D7%99%D7%9D_%D7%A8%D7%90%D7%A9%D7%95%D7%A0%D7%99%D7%9D?bscrp=7 HTTP/1.1" 200 20829
16/06/2017 09:13:27 PM	[connectionpool.py _new_conn 207]  494 requests.packages.urllib3.connectionpool [DEBUG] Starting new HTTP connection (1): www.kibutz-poalim.co.il
16/06/2017 09:13:27 PM	[connectionpool.py _make_request 395]  618 requests.packages.urllib3.connectionpool [DEBUG] http://www.kibutz-poalim.co.il:80 "GET /%D7%A4%D7%A8%D7%A7%D7%99%D7%9D_%D7%A8%D7%90%D7%A9%D7%95%D7%A0%D7%99%D7%9D?bscrp=8 HTTP/1.1" 200 20601
16/06/2017 09:13:27 PM	[connectionpool.py _new_conn 207]  669 requests.packages.urllib3.connectionpool [DEBUG] Starting new HTTP connection (1): www.kibutz-poalim.co.il
16/06/2017 09:13:27 PM	[connectionpool.py _make_request 395]  806 requests.packages.urllib3.connectionpool [DEBUG] http://www.kibutz-poalim.co.il:80 "GET /%D7%A4%D7%A8%D7%A7%D7%99%D7%9D_%D7%A8%D7%90%D7%A9%D7%95%D7%A0%D7%99%D7%9D?bscrp=9 HTTP/1.1" 200 20721
16/06/2017 09:13:27 PM	[connectionpool.py _new_conn 207]  848 requests.packages.urllib3.connectionpool [DEBUG] Starting new HTTP connection (1): www.kibutz-poalim.co.il
16/06/2017 09:13:27 PM	[connectionpool.py _make_request 395]  970 requests.packages.urllib3.connectionpool [DEBUG] http://www.kibutz-poalim.co.il:80 "GET /%D7%A4%D7%A8%D7%A7%D7%99%D7%9D_%D7%A8%D7%90%D7%A9%D7%95%D7%A0%D7%99%D7%9D?bscrp=10 HTTP/1.1" 200 20270
16/06/2017 09:13:28 PM	[connectionpool.py _new_conn 207]  22 requests.packages.urllib3.connectionpool [DEBUG] Starting new HTTP connection (1): www.kibutz-poalim.co.il
16/06/2017 09:13:28 PM	[connectionpool.py _make_request 395]  162 requests.packages.urllib3.connectionpool [DEBUG] http://www.kibutz-poalim.co.il:80 "GET /%D7%A4%D7%A8%D7%A7%D7%99%D7%9D_%D7%A8%D7%90%D7%A9%D7%95%D7%A0%D7%99%D7%9D?bscrp=11 HTTP/1.1" 200 20057
16/06/2017 09:13:28 PM	[connectionpool.py _new_conn 207]  207 requests.packages.urllib3.connectionpool [DEBUG] Starting new HTTP connection (1): www.kibutz-poalim.co.il
16/06/2017 09:13:28 PM	[connectionpool.py _make_request 395]  340 requests.packages.urllib3.connectionpool [DEBUG] http://www.kibutz-poalim.co.il:80 "GET /%D7%A4%D7%A8%D7%A7%D7%99%D7%9D_%D7%A8%D7%90%D7%A9%D7%95%D7%A0%D7%99%D7%9D?bscrp=12 HTTP/1.1" 200 19896
16/06/2017 09:13:28 PM	[connectionpool.py _new_conn 207]  385 requests.packages.urllib3.connectionpool [DEBUG] Starting new HTTP connection (1): www.kibutz-poalim.co.il
16/06/2017 09:13:28 PM	[connectionpool.py _make_request 395]  536 requests.packages.urllib3.connectionpool [DEBUG] http://www.kibutz-poalim.co.il:80 "GET /%D7%A4%D7%A8%D7%A7%D7%99%D7%9D_%D7%A8%D7%90%D7%A9%D7%95%D7%A0%D7%99%D7%9D?bscrp=13 HTTP/1.1" 200 19666
16/06/2017 09:13:28 PM	[connectionpool.py _new_conn 207]  576 requests.packages.urllib3.connectionpool [DEBUG] Starting new HTTP connection (1): www.kibutz-poalim.co.il
16/06/2017 09:13:28 PM	[connectionpool.py _make_request 395]  720 requests.packages.urllib3.connectionpool [DEBUG] http://www.kibutz-poalim.co.il:80 "GET /%D7%A4%D7%A8%D7%A7%D7%99%D7%9D_%D7%A8%D7%90%D7%A9%D7%95%D7%A0%D7%99%D7%9D?bscrp=14 HTTP/1.1" 200 19303
16/06/2017 09:13:28 PM	[connectionpool.py _new_conn 207]  747 requests.packages.urllib3.connectionpool [DEBUG] Starting new HTTP connection (1): www.kibutz-poalim.co.il
16/06/2017 09:13:28 PM	[connectionpool.py _make_request 395]  871 requests.packages.urllib3.connectionpool [DEBUG] http://www.kibutz-poalim.co.il:80 "GET /%D7%A4%D7%A8%D7%A7%D7%99%D7%9D_%D7%A8%D7%90%D7%A9%D7%95%D7%A0%D7%99%D7%9D?bscrp=15 HTTP/1.1" 200 19316
16/06/2017 09:13:28 PM	[connectionpool.py _new_conn 207]  902 requests.packages.urllib3.connectionpool [DEBUG] Starting new HTTP connection (1): www.kibutz-poalim.co.il
16/06/2017 09:13:29 PM	[connectionpool.py _make_request 395]  30 requests.packages.urllib3.connectionpool [DEBUG] http://www.kibutz-poalim.co.il:80 "GET /%D7%A4%D7%A8%D7%A7%D7%99%D7%9D_%D7%A8%D7%90%D7%A9%D7%95%D7%A0%D7%99%D7%9D?bscrp=16 HTTP/1.1" 200 18981
16/06/2017 09:13:29 PM	[connectionpool.py _new_conn 207]  77 requests.packages.urllib3.connectionpool [DEBUG] Starting new HTTP connection (1): www.kibutz-poalim.co.il
16/06/2017 09:13:29 PM	[connectionpool.py _make_request 395]  203 requests.packages.urllib3.connectionpool [DEBUG] http://www.kibutz-poalim.co.il:80 "GET /%D7%A4%D7%A8%D7%A7%D7%99%D7%9D_%D7%A8%D7%90%D7%A9%D7%95%D7%A0%D7%99%D7%9D?bscrp=17 HTTP/1.1" 200 19737
16/06/2017 09:13:29 PM	[connectionpool.py _new_conn 207]  252 requests.packages.urllib3.connectionpool [DEBUG] Starting new HTTP connection (1): www.kibutz-poalim.co.il
16/06/2017 09:13:29 PM	[connectionpool.py _make_request 395]  373 requests.packages.urllib3.connectionpool [DEBUG] http://www.kibutz-poalim.co.il:80 "GET /%D7%A4%D7%A8%D7%A7%D7%99%D7%9D_%D7%A8%D7%90%D7%A9%D7%95%D7%A0%D7%99%D7%9D?bscrp=18 HTTP/1.1" 200 18878
16/06/2017 09:13:29 PM	[connectionpool.py _new_conn 207]  427 requests.packages.urllib3.connectionpool [DEBUG] Starting new HTTP connection (1): www.kibutz-poalim.co.il
16/06/2017 09:13:29 PM	[connectionpool.py _make_request 395]  554 requests.packages.urllib3.connectionpool [DEBUG] http://www.kibutz-poalim.co.il:80 "GET /%D7%A4%D7%A8%D7%A7%D7%99%D7%9D_%D7%A8%D7%90%D7%A9%D7%95%D7%A0%D7%99%D7%9D?bscrp=19 HTTP/1.1" 200 17442
16/06/2017 09:14:37 PM	[logger.py logger_print_msg 91]  77 root [DEBUG] 
Create F:\NLP-Lab\stories links file\am_oved.html file
16/06/2017 09:14:37 PM	[logger.py logger_print_msg 93]  77 root [INFO ] 
Create F:\NLP-Lab\stories links file\am_oved.html file
16/06/2017 09:14:37 PM	[logger.py logger_print_msg 91]  77 root [DEBUG] 
Cann't save file: F:\NLP-Lab\stories links file\am_oved.html
16/06/2017 09:14:37 PM	[logger.py logger_print_msg 93]  77 root [INFO ] 
Cann't save file: F:\NLP-Lab\stories links file\am_oved.html
16/06/2017 09:14:40 PM	[connectionpool.py _new_conn 207]  89 requests.packages.urllib3.connectionpool [DEBUG] Starting new HTTP connection (1): www.dortome.com
16/06/2017 09:14:40 PM	[connectionpool.py _make_request 395]  363 requests.packages.urllib3.connectionpool [DEBUG] http://www.dortome.com:80 "GET /site/detail/detail/detailDetail.asp?detail_id=3243030&iPageNum=1 HTTP/1.1" 200 21798
16/06/2017 09:14:40 PM	[connectionpool.py _new_conn 207]  479 requests.packages.urllib3.connectionpool [DEBUG] Starting new HTTP connection (1): www.dortome.com
16/06/2017 09:14:40 PM	[connectionpool.py _make_request 395]  665 requests.packages.urllib3.connectionpool [DEBUG] http://www.dortome.com:80 "GET /site/detail/detail/detailDetail.asp?detail_id=3243030&iPageNum=2 HTTP/1.1" 200 21501
16/06/2017 09:14:40 PM	[connectionpool.py _new_conn 207]  764 requests.packages.urllib3.connectionpool [DEBUG] Starting new HTTP connection (1): www.dortome.com
16/06/2017 09:14:40 PM	[connectionpool.py _make_request 395]  959 requests.packages.urllib3.connectionpool [DEBUG] http://www.dortome.com:80 "GET /site/detail/detail/detailDetail.asp?detail_id=3243030&iPageNum=3 HTTP/1.1" 200 21817
16/06/2017 09:14:41 PM	[connectionpool.py _new_conn 207]  64 requests.packages.urllib3.connectionpool [DEBUG] Starting new HTTP connection (1): www.dortome.com
16/06/2017 09:14:41 PM	[connectionpool.py _make_request 395]  261 requests.packages.urllib3.connectionpool [DEBUG] http://www.dortome.com:80 "GET /site/detail/detail/detailDetail.asp?detail_id=3243030&iPageNum=4 HTTP/1.1" 200 22288
16/06/2017 09:14:41 PM	[connectionpool.py _new_conn 207]  372 requests.packages.urllib3.connectionpool [DEBUG] Starting new HTTP connection (1): www.dortome.com
16/06/2017 09:14:41 PM	[connectionpool.py _make_request 395]  565 requests.packages.urllib3.connectionpool [DEBUG] http://www.dortome.com:80 "GET /site/detail/detail/detailDetail.asp?detail_id=3243030&iPageNum=5 HTTP/1.1" 200 21814
16/06/2017 09:14:41 PM	[connectionpool.py _new_conn 207]  661 requests.packages.urllib3.connectionpool [DEBUG] Starting new HTTP connection (1): www.dortome.com
16/06/2017 09:14:41 PM	[connectionpool.py _make_request 395]  847 requests.packages.urllib3.connectionpool [DEBUG] http://www.dortome.com:80 "GET /site/detail/detail/detailDetail.asp?detail_id=3243030&iPageNum=6 HTTP/1.1" 200 20126
16/06/2017 09:14:41 PM	[connectionpool.py _new_conn 207]  957 requests.packages.urllib3.connectionpool [DEBUG] Starting new HTTP connection (1): www.dortome.com
16/06/2017 09:14:42 PM	[connectionpool.py _make_request 395]  159 requests.packages.urllib3.connectionpool [DEBUG] http://www.dortome.com:80 "GET /site/detail/detail/detailDetail.asp?detail_id=3243030&iPageNum=7 HTTP/1.1" 200 18185
16/06/2017 09:14:42 PM	[connectionpool.py _new_conn 207]  267 requests.packages.urllib3.connectionpool [DEBUG] Starting new HTTP connection (1): www.dortome.com
16/06/2017 09:14:42 PM	[connectionpool.py _make_request 395]  450 requests.packages.urllib3.connectionpool [DEBUG] http://www.dortome.com:80 "GET /site/detail/detail/detailDetail.asp?detail_id=3243030&iPageNum=8 HTTP/1.1" 200 18911
16/06/2017 09:14:42 PM	[connectionpool.py _new_conn 207]  578 requests.packages.urllib3.connectionpool [DEBUG] Starting new HTTP connection (1): www.dortome.com
16/06/2017 09:14:42 PM	[connectionpool.py _make_request 395]  771 requests.packages.urllib3.connectionpool [DEBUG] http://www.dortome.com:80 "GET /site/detail/detail/detailDetail.asp?detail_id=3243030&iPageNum=9 HTTP/1.1" 200 21422
16/06/2017 09:14:42 PM	[connectionpool.py _new_conn 207]  884 requests.packages.urllib3.connectionpool [DEBUG] Starting new HTTP connection (1): www.dortome.com
16/06/2017 09:14:43 PM	[connectionpool.py _make_request 395]  78 requests.packages.urllib3.connectionpool [DEBUG] http://www.dortome.com:80 "GET /site/detail/detail/detailDetail.asp?detail_id=3243030&iPageNum=10 HTTP/1.1" 200 22073
16/06/2017 09:14:43 PM	[connectionpool.py _new_conn 207]  184 requests.packages.urllib3.connectionpool [DEBUG] Starting new HTTP connection (1): www.dortome.com
16/06/2017 09:14:43 PM	[connectionpool.py _make_request 395]  384 requests.packages.urllib3.connectionpool [DEBUG] http://www.dortome.com:80 "GET /site/detail/detail/detailDetail.asp?detail_id=3243030&iPageNum=11 HTTP/1.1" 200 22766
16/06/2017 09:14:43 PM	[connectionpool.py _new_conn 207]  483 requests.packages.urllib3.connectionpool [DEBUG] Starting new HTTP connection (1): www.dortome.com
16/06/2017 09:14:43 PM	[connectionpool.py _make_request 395]  665 requests.packages.urllib3.connectionpool [DEBUG] http://www.dortome.com:80 "GET /site/detail/detail/detailDetail.asp?detail_id=3243030&iPageNum=12 HTTP/1.1" 200 22828
16/06/2017 09:14:43 PM	[connectionpool.py _new_conn 207]  772 requests.packages.urllib3.connectionpool [DEBUG] Starting new HTTP connection (1): www.dortome.com
16/06/2017 09:14:43 PM	[connectionpool.py _make_request 395]  953 requests.packages.urllib3.connectionpool [DEBUG] http://www.dortome.com:80 "GET /site/detail/detail/detailDetail.asp?detail_id=3243030&iPageNum=13 HTTP/1.1" 200 22847
16/06/2017 09:14:44 PM	[connectionpool.py _new_conn 207]  75 requests.packages.urllib3.connectionpool [DEBUG] Starting new HTTP connection (1): www.dortome.com
16/06/2017 09:14:44 PM	[connectionpool.py _make_request 395]  253 requests.packages.urllib3.connectionpool [DEBUG] http://www.dortome.com:80 "GET /site/detail/detail/detailDetail.asp?detail_id=3243030&iPageNum=14 HTTP/1.1" 200 22570
16/06/2017 09:14:44 PM	[connectionpool.py _new_conn 207]  375 requests.packages.urllib3.connectionpool [DEBUG] Starting new HTTP connection (1): www.dortome.com
16/06/2017 09:14:44 PM	[connectionpool.py _make_request 395]  562 requests.packages.urllib3.connectionpool [DEBUG] http://www.dortome.com:80 "GET /site/detail/detail/detailDetail.asp?detail_id=3243030&iPageNum=15 HTTP/1.1" 200 22714
16/06/2017 09:14:44 PM	[connectionpool.py _new_conn 207]  669 requests.packages.urllib3.connectionpool [DEBUG] Starting new HTTP connection (1): www.dortome.com
16/06/2017 09:14:44 PM	[connectionpool.py _make_request 395]  870 requests.packages.urllib3.connectionpool [DEBUG] http://www.dortome.com:80 "GET /site/detail/detail/detailDetail.asp?detail_id=3243030&iPageNum=16 HTTP/1.1" 200 21668
16/06/2017 09:14:44 PM	[connectionpool.py _new_conn 207]  974 requests.packages.urllib3.connectionpool [DEBUG] Starting new HTTP connection (1): www.dortome.com
16/06/2017 09:14:45 PM	[connectionpool.py _make_request 395]  160 requests.packages.urllib3.connectionpool [DEBUG] http://www.dortome.com:80 "GET /site/detail/detail/detailDetail.asp?detail_id=3243030&iPageNum=17 HTTP/1.1" 200 18775
16/06/2017 09:14:45 PM	[connectionpool.py _new_conn 207]  256 requests.packages.urllib3.connectionpool [DEBUG] Starting new HTTP connection (1): www.dortome.com
16/06/2017 09:14:45 PM	[connectionpool.py _make_request 395]  451 requests.packages.urllib3.connectionpool [DEBUG] http://www.dortome.com:80 "GET /site/detail/detail/detailDetail.asp?detail_id=3243030&iPageNum=18 HTTP/1.1" 200 11944
