14/09/2017 02:24:11 AM	[Graphs.py __print_analysis_predict 18]  439 root [INFO ] 
Start analysis of classification results
14/09/2017 02:25:57 AM	[Graphs.py __print_analysis_predict 26]  746 root [INFO ] 
Start analysis of classification results
14/09/2017 02:28:38 AM	[Graphs.py __print_analysis_predict 26]  674 root [INFO ] 
Start analysis of classification results
14/09/2017 02:29:37 AM	[Graphs.py __print_analysis_predict 26]  200 root [INFO ] 
Start analysis of classification results
14/09/2017 02:32:51 AM	[Graphs.py __print_analysis_predict 26]  494 root [INFO ] 
Start analysis of classification results
14/09/2017 02:36:00 AM	[Graphs.py __print_analysis_predict 25]  7 root [INFO ] 
Start analysis of classification results
14/09/2017 02:50:47 AM	[Graphs.py __print_analysis_predict 26]  339 root [INFO ] 
Start analysis of classification results
14/09/2017 02:51:05 AM	[Graphs.py __print_analysis_predict 26]  345 root [INFO ] 
Start analysis of classification results
14/09/2017 02:51:35 AM	[Graphs.py __print_analysis_predict 26]  715 root [INFO ] 
Start analysis of classification results
14/09/2017 02:51:51 AM	[Graphs.py __print_analysis_predict 26]  703 root [INFO ] 
Start analysis of classification results
14/09/2017 02:52:45 AM	[Graphs.py __print_analysis_predict 26]  607 root [INFO ] 
Start analysis of classification results
14/09/2017 02:53:03 AM	[Graphs.py __print_analysis_predict 26]  925 root [INFO ] 
Start analysis of classification results
14/09/2017 02:53:33 AM	[Graphs.py __print_analysis_predict 26]  852 root [INFO ] 
Start analysis of classification results
14/09/2017 02:54:01 AM	[Graphs.py __print_analysis_predict 26]  522 root [INFO ] 
Start analysis of classification results
14/09/2017 02:54:47 AM	[Graphs.py __print_analysis_predict 26]  879 root [INFO ] 
Start analysis of classification results
14/09/2017 02:54:57 AM	[Graphs.py __print_analysis_predict 26]  543 root [INFO ] 
Start analysis of classification results
14/09/2017 02:55:09 AM	[Graphs.py __print_analysis_predict 26]  534 root [INFO ] 
Start analysis of classification results
14/09/2017 02:55:30 AM	[Graphs.py __print_analysis_predict 26]  468 root [INFO ] 
Start analysis of classification results
14/09/2017 02:57:40 AM	[Graphs.py __print_analysis_predict 21]  94 root [INFO ] 
Start analysis of classification results
14/09/2017 02:58:24 AM	[Graphs.py __print_analysis_predict 21]  203 root [INFO ] 
Start analysis of classification results
14/09/2017 03:00:12 AM	[Graphs.py __print_analysis_predict 21]  766 root [INFO ] 
Start analysis of classification results
14/09/2017 03:00:40 AM	[Graphs.py __print_analysis_predict 21]  160 root [INFO ] 
Start analysis of classification results
14/09/2017 03:01:03 AM	[Graphs.py __print_analysis_predict 21]  578 root [INFO ] 
Start analysis of classification results
14/09/2017 03:01:27 AM	[Graphs.py __print_analysis_predict 21]  334 root [INFO ] 
Start analysis of classification results
14/09/2017 03:02:41 AM	[Graphs.py __print_analysis_predict 21]  911 root [INFO ] 
Start analysis of classification results
14/09/2017 03:05:14 AM	[Graphs.py __print_analysis_predict 21]  269 root [INFO ] 
Start analysis of classification results
14/09/2017 03:05:26 AM	[Graphs.py __print_analysis_predict 21]  802 root [INFO ] 
Start analysis of classification results
14/09/2017 03:05:33 AM	[Graphs.py __print_analysis_predict 21]  765 root [INFO ] 
Start analysis of classification results
14/09/2017 03:05:55 AM	[Graphs.py __print_analysis_predict 21]  974 root [INFO ] 
Start analysis of classification results
14/09/2017 03:06:36 AM	[Graphs.py __print_analysis_predict 21]  780 root [INFO ] 
Start analysis of classification results
14/09/2017 03:06:48 AM	[Graphs.py __print_analysis_predict 21]  236 root [INFO ] 
Start analysis of classification results
14/09/2017 03:07:46 AM	[Graphs.py __print_analysis_predict 21]  839 root [INFO ] 
Start analysis of classification results
14/09/2017 03:08:13 AM	[Graphs.py __print_analysis_predict 21]  697 root [INFO ] 
Start analysis of classification results
14/09/2017 03:08:22 AM	[Graphs.py __print_analysis_predict 21]  451 root [INFO ] 
Start analysis of classification results
14/09/2017 03:10:11 AM	[Graphs.py __print_analysis_predict 21]  675 root [INFO ] 
Start analysis of classification results
14/09/2017 03:10:43 AM	[Graphs.py __print_analysis_predict 21]  584 root [INFO ] 
Start analysis of classification results
14/09/2017 03:14:33 AM	[Graphs.py __print_analysis_predict 21]  948 root [INFO ] 
Start analysis of classification results
14/09/2017 03:19:41 AM	[Graphs.py __print_analysis_predict 21]  527 root [INFO ] 
Start analysis of classification results
14/09/2017 03:19:55 AM	[Graphs.py __print_analysis_predict 21]  675 root [INFO ] 
Start analysis of classification results
14/09/2017 03:22:14 AM	[Graphs.py __print_analysis_predict 21]  230 root [INFO ] 
Start analysis of classification results
14/09/2017 03:23:22 AM	[Graphs.py __print_analysis_predict 21]  46 root [INFO ] 
Start analysis of classification results
14/09/2017 03:23:30 AM	[Graphs.py __print_analysis_predict 21]  369 root [INFO ] 
Start analysis of classification results
14/09/2017 03:23:50 AM	[Graphs.py __print_analysis_predict 21]  1 root [INFO ] 
Start analysis of classification results
14/09/2017 03:24:19 AM	[Graphs.py __print_analysis_predict 21]  901 root [INFO ] 
Start analysis of classification results
14/09/2017 03:25:53 AM	[Graphs.py __print_analysis_predict 21]  369 root [INFO ] 
Start analysis of classification results
14/09/2017 03:30:39 AM	[Graphs.py __print_analysis_predict 22]  760 root [INFO ] 
Start analysis of classification results
14/09/2017 03:42:03 AM	[Graphs.py __init__ 20]  125 root [INFO ] 
The 'C:\Users\Oren-Pc\Desktop\NLP-LAB\Part_B\Images - Analysis Classifier' folder created successfully
14/09/2017 03:42:03 AM	[Graphs.py __print_analysis_predict 26]  128 root [INFO ] 
Start analysis of classification results
14/09/2017 03:42:03 AM	[Graphs.py main 67]  163 root [INFO ] 
The total time taken for the program to run is 0.0007 minutes
14/09/2017 04:05:59 AM	[Graphs.py __print_analysis_predict 26]  365 root [INFO ] 
Start analysis of classification results
14/09/2017 04:05:59 AM	[Graphs.py main 67]  396 root [INFO ] 
The total time taken for the program to run is 0.0006 minutes
14/09/2017 04:16:17 AM	[Graphs.py __print_analysis_predict 25]  833 root [INFO ] 
Start analysis of classification results
14/09/2017 04:16:17 AM	[Graphs.py main 81]  835 root [INFO ] 
The total time taken for the program to run is 0.0001 minutes
14/09/2017 04:16:28 AM	[Graphs.py __print_analysis_predict 25]  578 root [INFO ] 
Start analysis of classification results
14/09/2017 04:17:10 AM	[Graphs.py __print_analysis_predict 25]  813 root [INFO ] 
Start analysis of classification results
14/09/2017 04:19:08 AM	[Graphs.py __print_analysis_predict 25]  318 root [INFO ] 
Start analysis of classification results
14/09/2017 04:23:22 AM	[Graphs.py __print_analysis_predict 25]  829 root [INFO ] 
Start analysis of classification results
14/09/2017 04:27:53 AM	[Graphs.py __print_analysis_predict 25]  548 root [INFO ] 
Start analysis of classification results
14/09/2017 04:33:08 AM	[Graphs.py __print_analysis_predict 25]  22 root [INFO ] 
Start analysis of classification results
14/09/2017 04:34:04 AM	[Graphs.py __print_analysis_predict 25]  852 root [INFO ] 
Start analysis of classification results
14/09/2017 04:34:10 AM	[Graphs.py __print_analysis_predict 25]  19 root [INFO ] 
Start analysis of classification results
14/09/2017 04:34:50 AM	[Graphs.py __print_analysis_predict 25]  506 root [INFO ] 
Start analysis of classification results
14/09/2017 04:36:21 AM	[Graphs.py __print_analysis_predict 25]  978 root [INFO ] 
Start analysis of classification results
14/09/2017 04:37:30 AM	[Graphs.py __print_analysis_predict 25]  33 root [INFO ] 
Start analysis of classification results
14/09/2017 04:37:46 AM	[Graphs.py __print_analysis_predict 25]  516 root [INFO ] 
Start analysis of classification results
14/09/2017 04:38:10 AM	[Graphs.py __print_analysis_predict 25]  79 root [INFO ] 
Start analysis of classification results
14/09/2017 04:38:42 AM	[Graphs.py __print_analysis_predict 25]  788 root [INFO ] 
Start analysis of classification results
14/09/2017 04:41:12 AM	[Graphs.py __print_analysis_predict 25]  548 root [INFO ] 
Start analysis of classification results
14/09/2017 04:42:31 AM	[Graphs.py __print_analysis_predict 25]  501 root [INFO ] 
Start analysis of classification results
14/09/2017 04:43:05 AM	[Graphs.py __print_analysis_predict 25]  444 root [INFO ] 
Start analysis of classification results
14/09/2017 04:43:36 AM	[Graphs.py __print_analysis_predict 25]  873 root [INFO ] 
Start analysis of classification results
14/09/2017 04:44:14 AM	[Graphs.py __print_analysis_predict 25]  819 root [INFO ] 
Start analysis of classification results
14/09/2017 04:44:36 AM	[Graphs.py __print_analysis_predict 25]  382 root [INFO ] 
Start analysis of classification results
14/09/2017 04:45:15 AM	[Graphs.py __print_analysis_predict 25]  523 root [INFO ] 
Start analysis of classification results
14/09/2017 04:45:57 AM	[Graphs.py __print_analysis_predict 25]  991 root [INFO ] 
Start analysis of classification results
14/09/2017 04:46:19 AM	[Graphs.py __print_analysis_predict 25]  19 root [INFO ] 
Start analysis of classification results
14/09/2017 04:47:06 AM	[Graphs.py __print_analysis_predict 25]  755 root [INFO ] 
Start analysis of classification results
14/09/2017 04:47:45 AM	[Graphs.py __print_analysis_predict 25]  949 root [INFO ] 
Start analysis of classification results
14/09/2017 04:48:05 AM	[Graphs.py __print_analysis_predict 25]  301 root [INFO ] 
Start analysis of classification results
14/09/2017 04:48:54 AM	[Graphs.py __print_analysis_predict 25]  5 root [INFO ] 
Start analysis of classification results
14/09/2017 04:50:57 AM	[Graphs.py __print_analysis_predict 25]  625 root [INFO ] 
Start analysis of classification results
14/09/2017 04:51:23 AM	[Graphs.py __print_analysis_predict 25]  84 root [INFO ] 
Start analysis of classification results
14/09/2017 04:58:33 AM	[Graphs.py __print_analysis_predict 25]  426 root [INFO ] 
Start analysis of classification results
14/09/2017 05:00:12 AM	[Graphs.py __print_analysis_predict 25]  304 root [INFO ] 
Start analysis of classification results
14/09/2017 05:00:27 AM	[Graphs.py __print_analysis_predict 25]  622 root [INFO ] 
Start analysis of classification results
14/09/2017 05:00:45 AM	[Graphs.py __print_analysis_predict 25]  681 root [INFO ] 
Start analysis of classification results
14/09/2017 05:02:02 AM	[Graphs.py __print_analysis_predict 25]  81 root [INFO ] 
Start analysis of classification results
14/09/2017 05:03:10 AM	[Graphs.py __print_analysis_predict 25]  954 root [INFO ] 
Start analysis of classification results
14/09/2017 05:03:25 AM	[Graphs.py __print_analysis_predict 25]  275 root [INFO ] 
Start analysis of classification results
14/09/2017 05:03:53 AM	[Graphs.py __print_analysis_predict 25]  772 root [INFO ] 
Start analysis of classification results
14/09/2017 05:03:58 AM	[Graphs.py __print_analysis_predict 25]  906 root [INFO ] 
Start analysis of classification results
14/09/2017 05:04:27 AM	[Graphs.py __print_analysis_predict 25]  279 root [INFO ] 
Start analysis of classification results
14/09/2017 05:05:53 AM	[Graphs.py __print_analysis_predict 25]  141 root [INFO ] 
Start analysis of classification results
14/09/2017 05:10:31 AM	[Graphs.py __print_analysis_predict 25]  619 root [INFO ] 
Start analysis of classification results
14/09/2017 05:10:54 AM	[Graphs.py __print_analysis_predict 25]  365 root [INFO ] 
Start analysis of classification results
14/09/2017 05:11:01 AM	[Graphs.py __print_analysis_predict 25]  399 root [INFO ] 
Start analysis of classification results
14/09/2017 05:11:23 AM	[Graphs.py __print_analysis_predict 25]  203 root [INFO ] 
Start analysis of classification results
14/09/2017 05:12:26 AM	[Graphs.py __print_analysis_predict 25]  987 root [INFO ] 
Start analysis of classification results
14/09/2017 05:12:29 AM	[Graphs.py __print_analysis_predict 25]  872 root [INFO ] 
Start analysis of classification results
14/09/2017 05:12:46 AM	[Graphs.py __print_analysis_predict 25]  319 root [INFO ] 
Start analysis of classification results
14/09/2017 05:14:33 AM	[Graphs.py __print_analysis_predict 25]  977 root [INFO ] 
Start analysis of classification results
14/09/2017 05:17:41 AM	[Graphs.py __print_analysis_predict 25]  522 root [INFO ] 
Start analysis of classification results
14/09/2017 05:18:08 AM	[Graphs.py __print_analysis_predict 25]  745 root [INFO ] 
Start analysis of classification results
14/09/2017 05:18:48 AM	[Graphs.py __print_analysis_predict 25]  677 root [INFO ] 
Start analysis of classification results
14/09/2017 05:19:08 AM	[Graphs.py main 107]  17 root [INFO ] 
The total time taken for the program to run is 0.3224 minutes
14/09/2017 05:20:30 AM	[Graphs.py __print_analysis_predict 25]  584 root [INFO ] 
Start analysis of classification results
14/09/2017 05:21:44 AM	[Graphs.py __print_analysis_predict 25]  999 root [INFO ] 
Start analysis of classification results
14/09/2017 05:23:32 AM	[Graphs.py __print_analysis_predict 25]  598 root [INFO ] 
Start analysis of classification results
14/09/2017 05:23:59 AM	[Graphs.py __print_analysis_predict 25]  119 root [INFO ] 
Start analysis of classification results
14/09/2017 05:26:01 AM	[Graphs.py __print_analysis_predict 25]  211 root [INFO ] 
Start analysis of classification results
14/09/2017 05:28:17 AM	[Graphs.py __print_analysis_predict 25]  80 root [INFO ] 
Start analysis of classification results
14/09/2017 05:29:34 AM	[Graphs.py __print_analysis_predict 25]  717 root [INFO ] 
Start analysis of classification results
14/09/2017 05:30:01 AM	[Graphs.py __print_analysis_predict 25]  931 root [INFO ] 
Start analysis of classification results
14/09/2017 05:30:15 AM	[Graphs.py __print_analysis_predict 25]  544 root [INFO ] 
Start analysis of classification results
14/09/2017 05:31:21 AM	[Graphs.py __print_analysis_predict 25]  276 root [INFO ] 
Start analysis of classification results
14/09/2017 05:31:21 AM	[Graphs.py main 98]  556 root [INFO ] 
The total time taken for the program to run is 0.0047 minutes
14/09/2017 05:32:17 AM	[Graphs.py __print_analysis_predict 25]  361 root [INFO ] 
Start analysis of classification results
14/09/2017 05:32:17 AM	[Graphs.py main 98]  548 root [INFO ] 
The total time taken for the program to run is 0.0031 minutes
14/09/2017 05:33:39 AM	[Graphs.py __print_analysis_predict 25]  10 root [INFO ] 
Start analysis of classification results
14/09/2017 05:34:44 AM	[Graphs.py __print_analysis_predict 25]  379 root [INFO ] 
Start analysis of classification results
14/09/2017 05:34:53 AM	[Graphs.py __print_analysis_predict 25]  209 root [INFO ] 
Start analysis of classification results
14/09/2017 05:34:53 AM	[Graphs.py main 98]  382 root [INFO ] 
The total time taken for the program to run is 0.0029 minutes
14/09/2017 05:35:27 AM	[Graphs.py __print_analysis_predict 25]  874 root [INFO ] 
Start analysis of classification results
14/09/2017 05:35:28 AM	[Graphs.py main 95]  38 root [INFO ] 
The total time taken for the program to run is 0.0027 minutes
14/09/2017 05:40:38 AM	[Graphs.py __init__ 20]  689 root [INFO ] 
The 'C:\Users\Oren-Pc\Desktop\NLP-LAB\Part_C\Images - Analysis Classifier' folder created successfully
14/09/2017 05:40:38 AM	[Graphs.py __print_analysis_predict 25]  690 root [INFO ] 
Start analysis of classification results
14/09/2017 05:40:38 AM	[Graphs.py main 94]  845 root [INFO ] 
The total time taken for the program to run is 0.0026 minutes
14/09/2017 05:41:07 AM	[Graphs.py __init__ 20]  244 root [INFO ] 
The 'C:\Users\Oren-Pc\Desktop\NLP-LAB\Part_C\Images - Analysis Classifier' folder created successfully
14/09/2017 05:41:07 AM	[Graphs.py __print_analysis_predict 25]  245 root [INFO ] 
Start analysis of classification results
14/09/2017 05:41:08 AM	[Graphs.py main 94]  864 root [INFO ] 
The total time taken for the program to run is 0.0270 minutes
14/09/2017 05:43:54 AM	[Graphs.py __create_images_variables 25]  660 root [INFO ] 
Start analysis of classification results
14/09/2017 05:47:12 AM	[Graphs.py __create_images_variables 25]  481 root [INFO ] 
Start analysis of classification results
14/09/2017 05:49:27 AM	[Graphs.py __create_images_variables 25]  577 root [INFO ] 
Start analysis of classification results
14/09/2017 06:01:13 AM	[Graphs.py __create_images_variables 25]  885 root [INFO ] 
Start analysis of classification results
14/09/2017 06:01:24 AM	[Graphs.py __create_images_variables 25]  254 root [INFO ] 
Start analysis of classification results
14/09/2017 06:02:04 AM	[Graphs.py __create_images_variables 25]  711 root [INFO ] 
Start analysis of classification results
14/09/2017 06:02:12 AM	[Graphs.py __create_images_variables 25]  189 root [INFO ] 
Start analysis of classification results
14/09/2017 06:02:27 AM	[Graphs.py __create_images_variables 25]  651 root [INFO ] 
Start analysis of classification results
14/09/2017 06:03:29 AM	[Graphs.py __create_images_variables 25]  993 root [INFO ] 
Start analysis of classification results
14/09/2017 06:03:37 AM	[Graphs.py __create_images_variables 25]  71 root [INFO ] 
Start analysis of classification results
14/09/2017 06:04:41 AM	[Graphs.py __create_images_variables 25]  271 root [INFO ] 
Start analysis of classification results
14/09/2017 06:06:24 AM	[Graphs.py __create_images_variables 25]  839 root [INFO ] 
Start analysis of classification results
14/09/2017 06:06:46 AM	[Graphs.py __create_images_variables 25]  513 root [INFO ] 
Start analysis of classification results
14/09/2017 06:07:17 AM	[Graphs.py __create_images_variables 25]  943 root [INFO ] 
Start analysis of classification results
14/09/2017 06:09:22 AM	[Graphs.py __create_images_variables 25]  651 root [INFO ] 
Start analysis of classification results
14/09/2017 06:10:05 AM	[Graphs.py __create_images_variables 25]  653 root [INFO ] 
Start analysis of classification results
14/09/2017 06:10:20 AM	[Graphs.py __create_images_variables 25]  810 root [INFO ] 
Start analysis of classification results
14/09/2017 06:11:53 AM	[Graphs.py __create_images_variables 25]  110 root [INFO ] 
Start analysis of classification results
14/09/2017 06:12:40 AM	[Graphs.py __create_images_variables 25]  75 root [INFO ] 
Start analysis of classification results
14/09/2017 06:13:14 AM	[Graphs.py __create_images_variables 25]  827 root [INFO ] 
Start analysis of classification results
14/09/2017 06:14:08 AM	[Graphs.py __create_images_variables 25]  59 root [INFO ] 
Start analysis of classification results
14/09/2017 06:14:58 AM	[Graphs.py __create_images_variables 25]  25 root [INFO ] 
Start analysis of classification results
14/09/2017 06:15:30 AM	[Graphs.py __create_images_variables 25]  486 root [INFO ] 
Start analysis of classification results
14/09/2017 06:16:35 AM	[Graphs.py __create_images_variables 25]  409 root [INFO ] 
Start analysis of classification results
14/09/2017 06:16:58 AM	[Graphs.py __create_images_variables 25]  813 root [INFO ] 
Start analysis of classification results
14/09/2017 06:17:19 AM	[Graphs.py __create_images_variables 25]  238 root [INFO ] 
Start analysis of classification results
14/09/2017 06:18:11 AM	[Graphs.py __create_images_variables 25]  374 root [INFO ] 
Start analysis of classification results
14/09/2017 06:18:22 AM	[Graphs.py __create_images_variables 25]  720 root [INFO ] 
Start analysis of classification results
14/09/2017 06:25:23 AM	[Graphs.py __create_images_variables 25]  240 root [INFO ] 
Start analysis of classification results
14/09/2017 06:36:17 AM	[Graphs.py __create_images_variables 25]  340 root [INFO ] 
Start analysis of classification results
14/09/2017 06:37:03 AM	[Graphs.py __create_images_variables 25]  511 root [INFO ] 
Start analysis of classification results
14/09/2017 06:37:03 AM	[Graphs.py main 96]  679 root [INFO ] 
The total time taken for the program to run is 0.0028 minutes
14/09/2017 06:37:10 AM	[Graphs.py __create_images_variables 25]  93 root [INFO ] 
Start analysis of classification results
14/09/2017 06:37:10 AM	[Graphs.py main 96]  251 root [INFO ] 
The total time taken for the program to run is 0.0027 minutes
14/09/2017 06:38:29 AM	[Graphs.py __create_images_variables 25]  697 root [INFO ] 
Start analysis of classification results
14/09/2017 06:38:31 AM	[Graphs.py main 98]  261 root [INFO ] 
The total time taken for the program to run is 0.0261 minutes
14/09/2017 06:39:10 AM	[Graphs.py __create_images_variables 25]  651 root [INFO ] 
Start analysis of classification results
14/09/2017 06:39:12 AM	[Graphs.py main 98]  17 root [INFO ] 
The total time taken for the program to run is 0.0228 minutes
14/09/2017 02:37:23 PM	[Graphs.py __create_images_variables 25]  728 root [INFO ] 
Start analysis of classification results
14/09/2017 02:37:24 PM	[Graphs.py __create_images_variables 25]  245 root [INFO ] 
Start analysis of classification results
14/09/2017 02:37:25 PM	[Graphs.py main 100]  832 root [INFO ] 
The total time taken for the program to run is 0.0351 minutes
14/09/2017 02:37:57 PM	[Graphs.py __create_images_variables 25]  690 root [INFO ] 
Start analysis of classification results
14/09/2017 02:37:57 PM	[Graphs.py __create_images_variables 25]  906 root [INFO ] 
Start analysis of classification results
14/09/2017 02:37:59 PM	[Graphs.py main 100]  391 root [INFO ] 
The total time taken for the program to run is 0.0282 minutes
14/09/2017 02:39:30 PM	[Graphs.py __create_images_variables 25]  259 root [INFO ] 
Start analysis of classification results
14/09/2017 02:39:30 PM	[Graphs.py __create_lines_bars_plot 65]  418 root [INFO ] 
The image was successfully created in the next 'C:\Users\Oren-laptop\Desktop\NLP-LAB\Part_C\Images - Analysis Classifier\hebrew' path
14/09/2017 02:39:30 PM	[Graphs.py __create_lines_bars_plot 65]  587 root [INFO ] 
The image was successfully created in the next 'C:\Users\Oren-laptop\Desktop\NLP-LAB\Part_C\Images - Analysis Classifier\other' path
14/09/2017 02:39:30 PM	[Graphs.py __create_images_variables 25]  587 root [INFO ] 
Start analysis of classification results
14/09/2017 02:39:30 PM	[Graphs.py __create_lines_bars_plot 65]  735 root [INFO ] 
The image was successfully created in the next 'C:\Users\Oren-laptop\Desktop\NLP-LAB\Part_C\Images - Analysis Classifier\פולנית' path
14/09/2017 02:39:30 PM	[Graphs.py __create_lines_bars_plot 65]  866 root [INFO ] 
The image was successfully created in the next 'C:\Users\Oren-laptop\Desktop\NLP-LAB\Part_C\Images - Analysis Classifier\רוסית' path
14/09/2017 02:39:30 PM	[Graphs.py __create_lines_bars_plot 65]  989 root [INFO ] 
The image was successfully created in the next 'C:\Users\Oren-laptop\Desktop\NLP-LAB\Part_C\Images - Analysis Classifier\יידיש' path
14/09/2017 02:39:31 PM	[Graphs.py __create_lines_bars_plot 65]  120 root [INFO ] 
The image was successfully created in the next 'C:\Users\Oren-laptop\Desktop\NLP-LAB\Part_C\Images - Analysis Classifier\צ'כית' path
14/09/2017 02:39:31 PM	[Graphs.py __create_lines_bars_plot 65]  252 root [INFO ] 
The image was successfully created in the next 'C:\Users\Oren-laptop\Desktop\NLP-LAB\Part_C\Images - Analysis Classifier\צרפתית' path
14/09/2017 02:39:31 PM	[Graphs.py __create_lines_bars_plot 65]  389 root [INFO ] 
The image was successfully created in the next 'C:\Users\Oren-laptop\Desktop\NLP-LAB\Part_C\Images - Analysis Classifier\יוונית' path
14/09/2017 02:39:31 PM	[Graphs.py __create_lines_bars_plot 65]  506 root [INFO ] 
The image was successfully created in the next 'C:\Users\Oren-laptop\Desktop\NLP-LAB\Part_C\Images - Analysis Classifier\ספרדית' path
14/09/2017 02:39:31 PM	[Graphs.py __create_lines_bars_plot 65]  691 root [INFO ] 
The image was successfully created in the next 'C:\Users\Oren-laptop\Desktop\NLP-LAB\Part_C\Images - Analysis Classifier\איטלקית' path
14/09/2017 02:39:31 PM	[Graphs.py __create_lines_bars_plot 65]  806 root [INFO ] 
The image was successfully created in the next 'C:\Users\Oren-laptop\Desktop\NLP-LAB\Part_C\Images - Analysis Classifier\פורטוגזית' path
14/09/2017 02:39:31 PM	[Graphs.py __create_lines_bars_plot 65]  938 root [INFO ] 
The image was successfully created in the next 'C:\Users\Oren-laptop\Desktop\NLP-LAB\Part_C\Images - Analysis Classifier\אנגלית' path
14/09/2017 02:39:32 PM	[Graphs.py __create_lines_bars_plot 65]  54 root [INFO ] 
The image was successfully created in the next 'C:\Users\Oren-laptop\Desktop\NLP-LAB\Part_C\Images - Analysis Classifier\גרמנית' path
14/09/2017 02:39:32 PM	[Graphs.py __create_lines_bars_plot 65]  190 root [INFO ] 
The image was successfully created in the next 'C:\Users\Oren-laptop\Desktop\NLP-LAB\Part_C\Images - Analysis Classifier\עברית' path
14/09/2017 02:39:32 PM	[Graphs.py __create_lines_bars_plot 65]  308 root [INFO ] 
The image was successfully created in the next 'C:\Users\Oren-laptop\Desktop\NLP-LAB\Part_C\Images - Analysis Classifier\נורווגית' path
14/09/2017 02:39:32 PM	[Graphs.py main 101]  308 root [INFO ] 
The total time taken for the program to run is 0.0340 minutes
17/09/2017 01:34:00 PM	[Graphs.py main 99]  516 root [INFO ] 
Creating the images (comparing the classified quality) for each language in part b
17/09/2017 01:34:00 PM	[Graphs.py __create_images_variables 25]  516 root [INFO ] 
Start analysis of classification results
17/09/2017 01:38:58 PM	[Graphs.py main 99]  787 root [INFO ] 
Creating the images (comparing the classified quality) for each language in part b
17/09/2017 01:38:58 PM	[Graphs.py __create_images_variables 25]  788 root [INFO ] 
Start analysis of classification results
17/09/2017 01:43:20 PM	[Graphs.py main 100]  796 root [INFO ] 
Creating the images (comparing the classified quality) for each language in part b
17/09/2017 01:43:20 PM	[Graphs.py __create_images_variables 25]  797 root [INFO ] 
Start analysis of classification results
17/09/2017 01:43:20 PM	[Graphs.py main 102]  799 root [INFO ] 
Finish creating the images in part b
17/09/2017 01:43:20 PM	[Graphs.py main 104]  799 root [INFO ] 
Creating the images (comparing the classified quality) for each language in part c
17/09/2017 01:43:20 PM	[Graphs.py __create_images_variables 25]  799 root [INFO ] 
Start analysis of classification results
17/09/2017 01:43:20 PM	[Graphs.py main 106]  800 root [INFO ] 
Finish creating the images in part c
17/09/2017 01:43:20 PM	[Graphs.py main 109]  800 root [INFO ] 
The total time taken for the program to run is 0.0001 minutes
17/09/2017 01:43:28 PM	[Graphs.py main 100]  785 root [INFO ] 
Creating the images (comparing the classified quality) for each language in part b
17/09/2017 01:43:28 PM	[Graphs.py __create_images_variables 25]  785 root [INFO ] 
Start analysis of classification results
17/09/2017 01:43:48 PM	[Graphs.py main 100]  48 root [INFO ] 
Creating the images (comparing the classified quality) for each language in part b
17/09/2017 01:43:48 PM	[Graphs.py __create_images_variables 25]  49 root [INFO ] 
Start analysis of classification results
17/09/2017 01:44:00 PM	[Graphs.py main 100]  204 root [INFO ] 
Creating the images (comparing the classified quality) for each language in part b
17/09/2017 01:44:00 PM	[Graphs.py __create_images_variables 25]  205 root [INFO ] 
Start analysis of classification results
17/09/2017 01:46:49 PM	[Graphs.py main 100]  293 root [INFO ] 
Creating the images (comparing the classified quality) for each language in part b
17/09/2017 01:46:49 PM	[Graphs.py __create_images_variables 25]  293 root [INFO ] 
Start analysis of classification results
17/09/2017 01:50:10 PM	[Graphs.py main 104]  674 root [INFO ] 
Creating the images (comparing the classified quality) for each language in part b
17/09/2017 01:50:10 PM	[Graphs.py __create_images_variables 25]  675 root [INFO ] 
Start analysis of classification results
17/09/2017 01:53:20 PM	[Graphs.py main 106]  125 root [INFO ] 
Creating the images (comparing the classified quality) for each language in part b
17/09/2017 01:53:20 PM	[Graphs.py __create_images_variables 25]  125 root [INFO ] 
Start analysis of classification results
17/09/2017 01:53:33 PM	[Graphs.py main 106]  25 root [INFO ] 
Creating the images (comparing the classified quality) for each language in part b
17/09/2017 01:53:33 PM	[Graphs.py __create_images_variables 25]  25 root [INFO ] 
Start analysis of classification results
17/09/2017 01:53:47 PM	[Graphs.py main 106]  221 root [INFO ] 
Creating the images (comparing the classified quality) for each language in part b
17/09/2017 01:53:47 PM	[Graphs.py __create_images_variables 25]  222 root [INFO ] 
Start analysis of classification results
17/09/2017 01:56:20 PM	[Graphs.py main 107]  590 root [INFO ] 
Creating the images (comparing the classified quality) for each language in part b
17/09/2017 01:56:20 PM	[Graphs.py __create_images_variables 25]  590 root [INFO ] 
Start analysis of classification results
17/09/2017 02:01:22 PM	[Graphs.py main 108]  836 root [INFO ] 
Creating the images (comparing the classified quality) for each language in part b
17/09/2017 02:01:22 PM	[Graphs.py __create_images_variables 25]  836 root [INFO ] 
Start analysis of classification results
17/09/2017 02:03:39 PM	[Graphs.py main 108]  783 root [INFO ] 
Creating the images (comparing the classified quality) for each language in part b
17/09/2017 02:03:39 PM	[Graphs.py __create_images_variables 25]  783 root [INFO ] 
Start analysis of classification results
17/09/2017 02:04:05 PM	[Graphs.py main 108]  44 root [INFO ] 
Creating the images (comparing the classified quality) for each language in part b
17/09/2017 02:04:05 PM	[Graphs.py __create_images_variables 25]  44 root [INFO ] 
Start analysis of classification results
17/09/2017 02:06:52 PM	[Graphs.py main 113]  335 root [INFO ] 
Creating the images (comparing the classified quality) for each language in part b
17/09/2017 02:06:52 PM	[Graphs.py __create_images_variables 25]  336 root [INFO ] 
Start analysis of classification results
17/09/2017 05:58:36 PM	[Graphs.py main 113]  483 root [INFO ] 
Creating the images (comparing the classified quality) for each language in part b
17/09/2017 05:58:36 PM	[Graphs.py __create_images_variables 25]  485 root [INFO ] 
Start analysis of classification results
17/09/2017 06:01:07 PM	[Graphs.py main 113]  134 root [INFO ] 
Creating the images (comparing the classified quality) for each language in part b
17/09/2017 06:01:07 PM	[Graphs.py __create_images_variables 25]  134 root [INFO ] 
Start analysis of classification results
17/09/2017 06:01:29 PM	[Graphs.py main 113]  425 root [INFO ] 
Creating the images (comparing the classified quality) for each language in part b
17/09/2017 06:01:29 PM	[Graphs.py __create_images_variables 25]  425 root [INFO ] 
Start analysis of classification results
17/09/2017 06:03:00 PM	[Graphs.py main 113]  907 root [INFO ] 
Creating the images (comparing the classified quality) for each language in part b
17/09/2017 06:03:00 PM	[Graphs.py __create_images_variables 25]  908 root [INFO ] 
Start analysis of classification results
17/09/2017 06:03:37 PM	[Graphs.py main 113]  473 root [INFO ] 
Creating the images (comparing the classified quality) for each language in part b
17/09/2017 06:03:37 PM	[Graphs.py __create_images_variables 25]  473 root [INFO ] 
Start analysis of classification results
17/09/2017 06:05:58 PM	[Graphs.py main 109]  727 root [INFO ] 
Creating the images (comparing the classified quality) for each language in part b
17/09/2017 06:05:58 PM	[Graphs.py __create_images_variables 25]  727 root [INFO ] 
Start analysis of classification results
17/09/2017 06:06:33 PM	[Graphs.py main 109]  50 root [INFO ] 
Creating the images (comparing the classified quality) for each language in part b
17/09/2017 06:06:33 PM	[Graphs.py __create_images_variables 25]  50 root [INFO ] 
Start analysis of classification results
17/09/2017 06:06:41 PM	[Graphs.py main 109]  771 root [INFO ] 
Creating the images (comparing the classified quality) for each language in part b
17/09/2017 06:06:41 PM	[Graphs.py __create_images_variables 25]  771 root [INFO ] 
Start analysis of classification results
17/09/2017 06:07:40 PM	[Graphs.py main 109]  99 root [INFO ] 
Creating the images (comparing the classified quality) for each language in part b
17/09/2017 06:07:40 PM	[Graphs.py __create_images_variables 25]  100 root [INFO ] 
Start analysis of classification results
17/09/2017 06:07:52 PM	[Graphs.py main 109]  521 root [INFO ] 
Creating the images (comparing the classified quality) for each language in part b
17/09/2017 06:07:52 PM	[Graphs.py __create_images_variables 25]  522 root [INFO ] 
Start analysis of classification results
17/09/2017 06:08:17 PM	[Graphs.py main 108]  57 root [INFO ] 
Creating the images (comparing the classified quality) for each language in part b
17/09/2017 06:08:17 PM	[Graphs.py __create_images_variables 25]  57 root [INFO ] 
Start analysis of classification results
17/09/2017 06:11:16 PM	[Graphs.py main 92]  630 root [INFO ] 
Creating the images (comparing the classified quality) for each language in part b
17/09/2017 06:11:16 PM	[Graphs.py __create_images_variables 25]  630 root [INFO ] 
Start analysis of classification results
17/09/2017 06:11:36 PM	[Graphs.py main 92]  786 root [INFO ] 
Creating the images (comparing the classified quality) for each language in part b
17/09/2017 06:11:36 PM	[Graphs.py __create_images_variables 25]  787 root [INFO ] 
Start analysis of classification results
17/09/2017 06:12:29 PM	[Graphs.py main 93]  462 root [INFO ] 
Creating the images (comparing the classified quality) for each language in part b
17/09/2017 06:12:29 PM	[Graphs.py __create_images_variables 25]  462 root [INFO ] 
Start analysis of classification results
17/09/2017 06:12:59 PM	[Graphs.py main 93]  875 root [INFO ] 
Creating the images (comparing the classified quality) for each language in part b
17/09/2017 06:12:59 PM	[Graphs.py __create_images_variables 25]  875 root [INFO ] 
Start analysis of classification results
17/09/2017 06:13:58 PM	[Graphs.py main 93]  384 root [INFO ] 
Creating the images (comparing the classified quality) for each language in part b
17/09/2017 06:13:58 PM	[Graphs.py __create_images_variables 25]  385 root [INFO ] 
Start analysis of classification results
17/09/2017 06:16:39 PM	[Graphs.py main 95]  737 root [INFO ] 
Creating the images (comparing the classified quality) for each language in part b
17/09/2017 06:16:39 PM	[Graphs.py __create_images_variables 25]  738 root [INFO ] 
Start analysis of classification results
17/09/2017 06:17:32 PM	[Graphs.py main 92]  447 root [INFO ] 
Creating the images (comparing the classified quality) for each language in part b
17/09/2017 06:17:32 PM	[Graphs.py __create_images_variables 25]  447 root [INFO ] 
Start analysis of classification results
17/09/2017 06:20:14 PM	[Graphs.py main 96]  705 root [INFO ] 
Creating the images (comparing the classified quality) for each language in part b
17/09/2017 06:20:14 PM	[Graphs.py __create_images_variables 25]  705 root [INFO ] 
Start analysis of classification results
17/09/2017 06:22:03 PM	[Graphs.py main 98]  205 root [INFO ] 
Creating the images (comparing the classified quality) for each language in part b
17/09/2017 06:22:03 PM	[Graphs.py __init__ 20]  205 root [INFO ] 
The 'C:\Users\Oren-Pc\Desktop\NLP-LAB\NLP-LAB\Part_B\Images - Analysis Classifier' folder created successfully
17/09/2017 06:22:03 PM	[Graphs.py __create_images_variables 25]  205 root [INFO ] 
Start analysis of classification results
17/09/2017 06:23:27 PM	[Graphs.py main 98]  325 root [INFO ] 
Creating the images (comparing the classified quality) for each language in part b
17/09/2017 06:23:27 PM	[Graphs.py __create_images_variables 25]  325 root [INFO ] 
Start analysis of classification results
17/09/2017 06:23:28 PM	[Graphs.py __create_lines_bars_plot 58]  256 root [DEBUG] 
The image was successfully created in the next 'C:\Users\Oren-Pc\Desktop\NLP-LAB\NLP-LAB\Part_B\Images - Analysis Classifier\Decision-Tree' path
17/09/2017 06:23:28 PM	[Graphs.py __create_lines_bars_plot 58]  334 root [DEBUG] 
The image was successfully created in the next 'C:\Users\Oren-Pc\Desktop\NLP-LAB\NLP-LAB\Part_B\Images - Analysis Classifier\KNN' path
17/09/2017 06:23:28 PM	[Graphs.py __create_lines_bars_plot 58]  409 root [DEBUG] 
The image was successfully created in the next 'C:\Users\Oren-Pc\Desktop\NLP-LAB\NLP-LAB\Part_B\Images - Analysis Classifier\Navie-Bayes' path
17/09/2017 06:23:28 PM	[Graphs.py __create_lines_bars_plot 58]  504 root [DEBUG] 
The image was successfully created in the next 'C:\Users\Oren-Pc\Desktop\NLP-LAB\NLP-LAB\Part_B\Images - Analysis Classifier\SVM:One-Vs-One' path
17/09/2017 06:23:28 PM	[Graphs.py main 100]  505 root [INFO ] 
Finish creating the images in part b
17/09/2017 06:23:28 PM	[Graphs.py main 102]  505 root [INFO ] 
Creating the images (comparing the classified quality) for each language in part c
17/09/2017 06:23:28 PM	[Graphs.py __create_images_variables 25]  505 root [INFO ] 
Start analysis of classification results
17/09/2017 06:23:28 PM	[Graphs.py __create_lines_bars_plot 58]  588 root [DEBUG] 
The image was successfully created in the next 'C:\Users\Oren-Pc\Desktop\NLP-LAB\NLP-LAB\Part_C\Images - Analysis Classifier\Decision-Tree' path
17/09/2017 06:23:28 PM	[Graphs.py __create_lines_bars_plot 58]  667 root [DEBUG] 
The image was successfully created in the next 'C:\Users\Oren-Pc\Desktop\NLP-LAB\NLP-LAB\Part_C\Images - Analysis Classifier\KNN' path
17/09/2017 06:23:28 PM	[Graphs.py __create_lines_bars_plot 58]  742 root [DEBUG] 
The image was successfully created in the next 'C:\Users\Oren-Pc\Desktop\NLP-LAB\NLP-LAB\Part_C\Images - Analysis Classifier\Navie-Bayes' path
17/09/2017 06:23:28 PM	[Graphs.py __create_lines_bars_plot 58]  832 root [DEBUG] 
The image was successfully created in the next 'C:\Users\Oren-Pc\Desktop\NLP-LAB\NLP-LAB\Part_C\Images - Analysis Classifier\SVM:One-Vs-One' path
17/09/2017 06:23:28 PM	[Graphs.py main 104]  832 root [INFO ] 
Finish creating the images in part c
17/09/2017 06:23:28 PM	[Graphs.py main 107]  832 root [INFO ] 
The total time taken for the program to run is 0.0251 minutes
17/09/2017 06:24:37 PM	[Graphs.py main 92]  797 root [INFO ] 
Creating the images (comparing the classified quality) for each language in part b
17/09/2017 06:24:37 PM	[Graphs.py __create_images_variables 25]  797 root [INFO ] 
Start analysis of classification results
17/09/2017 06:24:41 PM	[Graphs.py __create_lines_bars_plot 59]  136 root [DEBUG] 
The image was successfully created in the next 'C:\Users\Oren-Pc\Desktop\NLP-LAB\NLP-LAB\Part_B\Images - Analysis Classifier\Decision-Tree' path
17/09/2017 06:24:45 PM	[Graphs.py __create_lines_bars_plot 59]  173 root [DEBUG] 
The image was successfully created in the next 'C:\Users\Oren-Pc\Desktop\NLP-LAB\NLP-LAB\Part_B\Images - Analysis Classifier\KNN' path
17/09/2017 06:24:46 PM	[Graphs.py __create_lines_bars_plot 59]  891 root [DEBUG] 
The image was successfully created in the next 'C:\Users\Oren-Pc\Desktop\NLP-LAB\NLP-LAB\Part_B\Images - Analysis Classifier\Navie-Bayes' path
17/09/2017 06:25:36 PM	[Graphs.py __create_lines_bars_plot 59]  211 root [DEBUG] 
The image was successfully created in the next 'C:\Users\Oren-Pc\Desktop\NLP-LAB\NLP-LAB\Part_B\Images - Analysis Classifier\SVM:One-Vs-One' path
17/09/2017 06:26:01 PM	[Graphs.py main 92]  145 root [INFO ] 
Creating the images (comparing the classified quality) for each language in part b
17/09/2017 06:26:01 PM	[Graphs.py __create_images_variables 25]  145 root [INFO ] 
Start analysis of classification results
17/09/2017 06:26:01 PM	[Graphs.py __create_lines_bars_plot 59]  243 root [DEBUG] 
The image was successfully created in the next 'C:\Users\Oren-Pc\Desktop\NLP-LAB\NLP-LAB\Part_B\Images - Analysis Classifier\Decision-Tree' path
17/09/2017 06:26:01 PM	[Graphs.py __create_lines_bars_plot 59]  328 root [DEBUG] 
The image was successfully created in the next 'C:\Users\Oren-Pc\Desktop\NLP-LAB\NLP-LAB\Part_B\Images - Analysis Classifier\KNN' path
17/09/2017 06:26:01 PM	[Graphs.py __create_lines_bars_plot 59]  434 root [DEBUG] 
The image was successfully created in the next 'C:\Users\Oren-Pc\Desktop\NLP-LAB\NLP-LAB\Part_B\Images - Analysis Classifier\Navie-Bayes' path
17/09/2017 06:26:01 PM	[Graphs.py __create_lines_bars_plot 59]  538 root [DEBUG] 
The image was successfully created in the next 'C:\Users\Oren-Pc\Desktop\NLP-LAB\NLP-LAB\Part_B\Images - Analysis Classifier\SVM:One-Vs-One' path
17/09/2017 06:26:01 PM	[Graphs.py main 94]  538 root [INFO ] 
Finish creating the images in part b
17/09/2017 06:26:01 PM	[Graphs.py main 96]  538 root [INFO ] 
Creating the images (comparing the classified quality) for each language in part c
17/09/2017 06:26:01 PM	[Graphs.py __create_images_variables 25]  538 root [INFO ] 
Start analysis of classification results
17/09/2017 06:26:01 PM	[Graphs.py __create_lines_bars_plot 59]  629 root [DEBUG] 
The image was successfully created in the next 'C:\Users\Oren-Pc\Desktop\NLP-LAB\NLP-LAB\Part_C\Images - Analysis Classifier\Decision-Tree' path
17/09/2017 06:26:01 PM	[Graphs.py __create_lines_bars_plot 59]  714 root [DEBUG] 
The image was successfully created in the next 'C:\Users\Oren-Pc\Desktop\NLP-LAB\NLP-LAB\Part_C\Images - Analysis Classifier\KNN' path
17/09/2017 06:26:01 PM	[Graphs.py __create_lines_bars_plot 59]  794 root [DEBUG] 
The image was successfully created in the next 'C:\Users\Oren-Pc\Desktop\NLP-LAB\NLP-LAB\Part_C\Images - Analysis Classifier\Navie-Bayes' path
17/09/2017 06:26:01 PM	[Graphs.py __create_lines_bars_plot 59]  876 root [DEBUG] 
The image was successfully created in the next 'C:\Users\Oren-Pc\Desktop\NLP-LAB\NLP-LAB\Part_C\Images - Analysis Classifier\SVM:One-Vs-One' path
17/09/2017 06:26:01 PM	[Graphs.py main 98]  876 root [INFO ] 
Finish creating the images in part c
17/09/2017 06:26:01 PM	[Graphs.py main 101]  876 root [INFO ] 
The total time taken for the program to run is 0.0122 minutes
17/09/2017 06:27:19 PM	[Graphs.py main 92]  779 root [INFO ] 
Creating the images (comparing the classified quality) for each language in part b
17/09/2017 06:27:19 PM	[Graphs.py __create_images_variables 25]  779 root [INFO ] 
Start analysis of classification results
17/09/2017 06:27:19 PM	[Graphs.py __create_lines_bars_plot 59]  892 root [DEBUG] 
The image was successfully created in the next 'C:\Users\Oren-Pc\Desktop\NLP-LAB\NLP-LAB\Part_B\Images - Analysis Classifier\Decision-Tree' path
17/09/2017 06:27:19 PM	[Graphs.py __create_lines_bars_plot 59]  956 root [DEBUG] 
The image was successfully created in the next 'C:\Users\Oren-Pc\Desktop\NLP-LAB\NLP-LAB\Part_B\Images - Analysis Classifier\KNN' path
17/09/2017 06:27:20 PM	[Graphs.py __create_lines_bars_plot 59]  52 root [DEBUG] 
The image was successfully created in the next 'C:\Users\Oren-Pc\Desktop\NLP-LAB\NLP-LAB\Part_B\Images - Analysis Classifier\Navie-Bayes' path
17/09/2017 06:27:20 PM	[Graphs.py __create_lines_bars_plot 59]  125 root [DEBUG] 
The image was successfully created in the next 'C:\Users\Oren-Pc\Desktop\NLP-LAB\NLP-LAB\Part_B\Images - Analysis Classifier\SVM:One-Vs-One' path
17/09/2017 06:27:20 PM	[Graphs.py main 94]  125 root [INFO ] 
Finish creating the images in part b
17/09/2017 06:27:20 PM	[Graphs.py main 96]  125 root [INFO ] 
Creating the images (comparing the classified quality) for each language in part c
17/09/2017 06:27:20 PM	[Graphs.py __init__ 20]  125 root [INFO ] 
The 'C:\Users\Oren-Pc\Desktop\NLP-LAB\NLP-LAB\Part_C\Images - Analysis Classifier' folder created successfully
17/09/2017 06:27:20 PM	[Graphs.py __create_images_variables 25]  125 root [INFO ] 
Start analysis of classification results
17/09/2017 06:27:20 PM	[Graphs.py __create_lines_bars_plot 59]  636 root [DEBUG] 
The image was successfully created in the next 'C:\Users\Oren-Pc\Desktop\NLP-LAB\NLP-LAB\Part_C\Images - Analysis Classifier\Decision-Tree' path
17/09/2017 06:27:20 PM	[Graphs.py __create_lines_bars_plot 59]  765 root [DEBUG] 
The image was successfully created in the next 'C:\Users\Oren-Pc\Desktop\NLP-LAB\NLP-LAB\Part_C\Images - Analysis Classifier\KNN' path
17/09/2017 06:27:20 PM	[Graphs.py __create_lines_bars_plot 59]  895 root [DEBUG] 
The image was successfully created in the next 'C:\Users\Oren-Pc\Desktop\NLP-LAB\NLP-LAB\Part_C\Images - Analysis Classifier\Navie-Bayes' path
17/09/2017 06:27:21 PM	[Graphs.py __create_lines_bars_plot 59]  69 root [DEBUG] 
The image was successfully created in the next 'C:\Users\Oren-Pc\Desktop\NLP-LAB\NLP-LAB\Part_C\Images - Analysis Classifier\SVM:One-Vs-All' path
17/09/2017 06:27:21 PM	[Graphs.py __create_lines_bars_plot 59]  190 root [DEBUG] 
The image was successfully created in the next 'C:\Users\Oren-Pc\Desktop\NLP-LAB\NLP-LAB\Part_C\Images - Analysis Classifier\SVM:One-Vs-One' path
17/09/2017 06:27:21 PM	[Graphs.py main 98]  191 root [INFO ] 
Finish creating the images in part c
17/09/2017 06:27:21 PM	[Graphs.py main 101]  191 root [INFO ] 
The total time taken for the program to run is 0.0234 minutes
17/09/2017 06:30:09 PM	[Graphs.py main 93]  12 root [INFO ] 
Creating the images (comparing the classified quality) for each language in part b
17/09/2017 06:30:09 PM	[Graphs.py __create_images_variables 25]  12 root [INFO ] 
Start analysis of classification results
17/09/2017 06:30:09 PM	[Graphs.py __create_lines_bars_plot 60]  108 root [DEBUG] 
The image was successfully created in the next 'C:\Users\Oren-Pc\Desktop\NLP-LAB\NLP-LAB\Part_B\Images - Analysis Classifier\Decision-Tree' path
17/09/2017 06:30:09 PM	[Graphs.py __create_lines_bars_plot 60]  193 root [DEBUG] 
The image was successfully created in the next 'C:\Users\Oren-Pc\Desktop\NLP-LAB\NLP-LAB\Part_B\Images - Analysis Classifier\KNN' path
17/09/2017 06:30:09 PM	[Graphs.py __create_lines_bars_plot 60]  274 root [DEBUG] 
The image was successfully created in the next 'C:\Users\Oren-Pc\Desktop\NLP-LAB\NLP-LAB\Part_B\Images - Analysis Classifier\Navie-Bayes' path
17/09/2017 06:30:09 PM	[Graphs.py __create_lines_bars_plot 60]  340 root [DEBUG] 
The image was successfully created in the next 'C:\Users\Oren-Pc\Desktop\NLP-LAB\NLP-LAB\Part_B\Images - Analysis Classifier\SVM:One-Vs-One' path
17/09/2017 06:30:09 PM	[Graphs.py main 95]  340 root [INFO ] 
Finish creating the images in part b
17/09/2017 06:30:09 PM	[Graphs.py main 97]  340 root [INFO ] 
Creating the images (comparing the classified quality) for each language in part c
17/09/2017 06:30:09 PM	[Graphs.py __create_images_variables 25]  340 root [INFO ] 
Start analysis of classification results
17/09/2017 06:30:09 PM	[Graphs.py __create_lines_bars_plot 60]  485 root [DEBUG] 
The image was successfully created in the next 'C:\Users\Oren-Pc\Desktop\NLP-LAB\NLP-LAB\Part_C\Images - Analysis Classifier\Decision-Tree' path
17/09/2017 06:30:09 PM	[Graphs.py __create_lines_bars_plot 60]  736 root [DEBUG] 
The image was successfully created in the next 'C:\Users\Oren-Pc\Desktop\NLP-LAB\NLP-LAB\Part_C\Images - Analysis Classifier\KNN' path
17/09/2017 06:30:09 PM	[Graphs.py __create_lines_bars_plot 60]  869 root [DEBUG] 
The image was successfully created in the next 'C:\Users\Oren-Pc\Desktop\NLP-LAB\NLP-LAB\Part_C\Images - Analysis Classifier\Navie-Bayes' path
17/09/2017 06:30:10 PM	[Graphs.py __create_lines_bars_plot 60]  20 root [DEBUG] 
The image was successfully created in the next 'C:\Users\Oren-Pc\Desktop\NLP-LAB\NLP-LAB\Part_C\Images - Analysis Classifier\SVM:One-Vs-All' path
17/09/2017 06:30:10 PM	[Graphs.py __create_lines_bars_plot 60]  149 root [DEBUG] 
The image was successfully created in the next 'C:\Users\Oren-Pc\Desktop\NLP-LAB\NLP-LAB\Part_C\Images - Analysis Classifier\SVM:One-Vs-One' path
17/09/2017 06:30:10 PM	[Graphs.py main 99]  149 root [INFO ] 
Finish creating the images in part c
17/09/2017 06:30:10 PM	[Graphs.py main 102]  149 root [INFO ] 
The total time taken for the program to run is 0.0189 minutes
17/09/2017 06:31:09 PM	[Graphs.py main 93]  798 root [INFO ] 
Creating the images (comparing the classified quality) for each language in part b
17/09/2017 06:31:09 PM	[Graphs.py __create_images_variables 25]  799 root [INFO ] 
Start analysis of classification results
17/09/2017 06:33:16 PM	[Graphs.py main 94]  744 root [INFO ] 
Creating the images (comparing the classified quality) for each language in part b
17/09/2017 06:33:16 PM	[Graphs.py __create_images_variables 25]  744 root [INFO ] 
Start analysis of classification results
17/09/2017 06:33:16 PM	[Graphs.py __create_lines_bars_plot 61]  845 root [DEBUG] 
The image was successfully created in the next 'C:\Users\Oren-Pc\Desktop\NLP-LAB\NLP-LAB\Part_B\Images - Analysis Classifier\Decision-Tree' path
17/09/2017 06:33:16 PM	[Graphs.py __create_lines_bars_plot 61]  925 root [DEBUG] 
The image was successfully created in the next 'C:\Users\Oren-Pc\Desktop\NLP-LAB\NLP-LAB\Part_B\Images - Analysis Classifier\KNN' path
17/09/2017 06:33:16 PM	[Graphs.py __create_lines_bars_plot 61]  991 root [DEBUG] 
The image was successfully created in the next 'C:\Users\Oren-Pc\Desktop\NLP-LAB\NLP-LAB\Part_B\Images - Analysis Classifier\Navie-Bayes' path
17/09/2017 06:33:17 PM	[Graphs.py __create_lines_bars_plot 61]  77 root [DEBUG] 
The image was successfully created in the next 'C:\Users\Oren-Pc\Desktop\NLP-LAB\NLP-LAB\Part_B\Images - Analysis Classifier\SVM:One-Vs-One' path
17/09/2017 06:33:17 PM	[Graphs.py main 96]  77 root [INFO ] 
Finish creating the images in part b
17/09/2017 06:33:17 PM	[Graphs.py main 98]  77 root [INFO ] 
Creating the images (comparing the classified quality) for each language in part c
17/09/2017 06:33:17 PM	[Graphs.py __create_images_variables 25]  77 root [INFO ] 
Start analysis of classification results
17/09/2017 06:33:17 PM	[Graphs.py __create_lines_bars_plot 61]  253 root [DEBUG] 
The image was successfully created in the next 'C:\Users\Oren-Pc\Desktop\NLP-LAB\NLP-LAB\Part_C\Images - Analysis Classifier\Decision-Tree' path
17/09/2017 06:33:17 PM	[Graphs.py __create_lines_bars_plot 61]  478 root [DEBUG] 
The image was successfully created in the next 'C:\Users\Oren-Pc\Desktop\NLP-LAB\NLP-LAB\Part_C\Images - Analysis Classifier\KNN' path
17/09/2017 06:33:17 PM	[Graphs.py __create_lines_bars_plot 61]  603 root [DEBUG] 
The image was successfully created in the next 'C:\Users\Oren-Pc\Desktop\NLP-LAB\NLP-LAB\Part_C\Images - Analysis Classifier\Navie-Bayes' path
17/09/2017 06:33:17 PM	[Graphs.py __create_lines_bars_plot 61]  754 root [DEBUG] 
The image was successfully created in the next 'C:\Users\Oren-Pc\Desktop\NLP-LAB\NLP-LAB\Part_C\Images - Analysis Classifier\SVM:One-Vs-All' path
17/09/2017 06:33:17 PM	[Graphs.py __create_lines_bars_plot 61]  881 root [DEBUG] 
The image was successfully created in the next 'C:\Users\Oren-Pc\Desktop\NLP-LAB\NLP-LAB\Part_C\Images - Analysis Classifier\SVM:One-Vs-One' path
17/09/2017 06:33:17 PM	[Graphs.py main 100]  881 root [INFO ] 
Finish creating the images in part c
17/09/2017 06:33:17 PM	[Graphs.py main 103]  881 root [INFO ] 
The total time taken for the program to run is 0.0189 minutes
17/09/2017 06:33:36 PM	[Graphs.py main 94]  889 root [INFO ] 
Creating the images (comparing the classified quality) for each language in part b
17/09/2017 06:33:36 PM	[Graphs.py __init__ 20]  889 root [INFO ] 
The 'C:\Users\Oren-Pc\Desktop\NLP-LAB\NLP-LAB\Part_B\Images - Analysis Classifier' folder created successfully
17/09/2017 06:33:36 PM	[Graphs.py __create_images_variables 25]  891 root [INFO ] 
Start analysis of classification results
17/09/2017 06:33:37 PM	[Graphs.py __create_lines_bars_plot 61]  23 root [DEBUG] 
The image was successfully created in the next 'C:\Users\Oren-Pc\Desktop\NLP-LAB\NLP-LAB\Part_B\Images - Analysis Classifier\Decision-Tree' path
17/09/2017 06:33:37 PM	[Graphs.py __create_lines_bars_plot 61]  133 root [DEBUG] 
The image was successfully created in the next 'C:\Users\Oren-Pc\Desktop\NLP-LAB\NLP-LAB\Part_B\Images - Analysis Classifier\KNN' path
17/09/2017 06:33:37 PM	[Graphs.py __create_lines_bars_plot 61]  291 root [DEBUG] 
The image was successfully created in the next 'C:\Users\Oren-Pc\Desktop\NLP-LAB\NLP-LAB\Part_B\Images - Analysis Classifier\Navie-Bayes' path
17/09/2017 06:33:37 PM	[Graphs.py __create_lines_bars_plot 61]  554 root [DEBUG] 
The image was successfully created in the next 'C:\Users\Oren-Pc\Desktop\NLP-LAB\NLP-LAB\Part_B\Images - Analysis Classifier\SVM:One-Vs-One' path
17/09/2017 06:33:37 PM	[Graphs.py main 96]  555 root [INFO ] 
Finish creating the images in part b
17/09/2017 06:33:37 PM	[Graphs.py main 98]  555 root [INFO ] 
Creating the images (comparing the classified quality) for each language in part c
17/09/2017 06:33:37 PM	[Graphs.py __init__ 20]  555 root [INFO ] 
The 'C:\Users\Oren-Pc\Desktop\NLP-LAB\NLP-LAB\Part_C\Images - Analysis Classifier' folder created successfully
17/09/2017 06:33:37 PM	[Graphs.py __create_images_variables 25]  556 root [INFO ] 
Start analysis of classification results
17/09/2017 06:33:37 PM	[Graphs.py __create_lines_bars_plot 61]  693 root [DEBUG] 
The image was successfully created in the next 'C:\Users\Oren-Pc\Desktop\NLP-LAB\NLP-LAB\Part_C\Images - Analysis Classifier\Decision-Tree' path
17/09/2017 06:33:38 PM	[Graphs.py __create_lines_bars_plot 61]  16 root [DEBUG] 
The image was successfully created in the next 'C:\Users\Oren-Pc\Desktop\NLP-LAB\NLP-LAB\Part_C\Images - Analysis Classifier\KNN' path
17/09/2017 06:33:38 PM	[Graphs.py __create_lines_bars_plot 61]  148 root [DEBUG] 
The image was successfully created in the next 'C:\Users\Oren-Pc\Desktop\NLP-LAB\NLP-LAB\Part_C\Images - Analysis Classifier\Navie-Bayes' path
17/09/2017 06:33:38 PM	[Graphs.py __create_lines_bars_plot 61]  321 root [DEBUG] 
The image was successfully created in the next 'C:\Users\Oren-Pc\Desktop\NLP-LAB\NLP-LAB\Part_C\Images - Analysis Classifier\SVM:One-Vs-All' path
17/09/2017 06:33:38 PM	[Graphs.py __create_lines_bars_plot 61]  465 root [DEBUG] 
The image was successfully created in the next 'C:\Users\Oren-Pc\Desktop\NLP-LAB\NLP-LAB\Part_C\Images - Analysis Classifier\SVM:One-Vs-One' path
17/09/2017 06:33:38 PM	[Graphs.py main 100]  465 root [INFO ] 
Finish creating the images in part c
17/09/2017 06:33:38 PM	[Graphs.py main 103]  465 root [INFO ] 
The total time taken for the program to run is 0.0264 minutes
17/09/2017 06:35:48 PM	[Graphs.py main 94]  394 root [INFO ] 
Creating the images (comparing the classified quality) for each language in part b
17/09/2017 06:35:48 PM	[Graphs.py __create_images_variables 25]  394 root [INFO ] 
Start analysis of classification results
17/09/2017 06:35:48 PM	[Graphs.py __create_lines_bars_plot 61]  491 root [DEBUG] 
The image was successfully created in the next 'C:\Users\Oren-Pc\Desktop\NLP-LAB\NLP-LAB\Part_B\Images - Analysis Classifier\Decision-Tree' path
17/09/2017 06:35:48 PM	[Graphs.py __create_lines_bars_plot 61]  578 root [DEBUG] 
The image was successfully created in the next 'C:\Users\Oren-Pc\Desktop\NLP-LAB\NLP-LAB\Part_B\Images - Analysis Classifier\KNN' path
17/09/2017 06:35:48 PM	[Graphs.py __create_lines_bars_plot 61]  647 root [DEBUG] 
The image was successfully created in the next 'C:\Users\Oren-Pc\Desktop\NLP-LAB\NLP-LAB\Part_B\Images - Analysis Classifier\Navie-Bayes' path
17/09/2017 06:35:48 PM	[Graphs.py __create_lines_bars_plot 61]  734 root [DEBUG] 
The image was successfully created in the next 'C:\Users\Oren-Pc\Desktop\NLP-LAB\NLP-LAB\Part_B\Images - Analysis Classifier\SVM:One-Vs-One' path
17/09/2017 06:35:48 PM	[Graphs.py main 96]  734 root [INFO ] 
Finish creating the images in part b
17/09/2017 06:35:48 PM	[Graphs.py main 98]  734 root [INFO ] 
Creating the images (comparing the classified quality) for each language in part c
17/09/2017 06:35:48 PM	[Graphs.py __create_images_variables 25]  734 root [INFO ] 
Start analysis of classification results
17/09/2017 06:35:48 PM	[Graphs.py __create_lines_bars_plot 61]  947 root [DEBUG] 
The image was successfully created in the next 'C:\Users\Oren-Pc\Desktop\NLP-LAB\NLP-LAB\Part_C\Images - Analysis Classifier\Decision-Tree' path
17/09/2017 06:35:49 PM	[Graphs.py __create_lines_bars_plot 61]  143 root [DEBUG] 
The image was successfully created in the next 'C:\Users\Oren-Pc\Desktop\NLP-LAB\NLP-LAB\Part_C\Images - Analysis Classifier\KNN' path
17/09/2017 06:35:49 PM	[Graphs.py __create_lines_bars_plot 61]  269 root [DEBUG] 
The image was successfully created in the next 'C:\Users\Oren-Pc\Desktop\NLP-LAB\NLP-LAB\Part_C\Images - Analysis Classifier\Navie-Bayes' path
17/09/2017 06:35:49 PM	[Graphs.py __create_lines_bars_plot 61]  434 root [DEBUG] 
The image was successfully created in the next 'C:\Users\Oren-Pc\Desktop\NLP-LAB\NLP-LAB\Part_C\Images - Analysis Classifier\SVM:One-Vs-All' path
17/09/2017 06:35:49 PM	[Graphs.py __create_lines_bars_plot 61]  556 root [DEBUG] 
The image was successfully created in the next 'C:\Users\Oren-Pc\Desktop\NLP-LAB\NLP-LAB\Part_C\Images - Analysis Classifier\SVM:One-Vs-One' path
17/09/2017 06:35:49 PM	[Graphs.py main 100]  556 root [INFO ] 
Finish creating the images in part c
17/09/2017 06:35:49 PM	[Graphs.py main 103]  556 root [INFO ] 
The total time taken for the program to run is 0.0195 minutes
17/09/2017 06:42:26 PM	[Graphs.py main 97]  168 root [INFO ] 
Creating the images (comparing the classified quality) for each language in part b
17/09/2017 06:42:26 PM	[Graphs.py __create_images_variables 25]  168 root [INFO ] 
Start analysis of classification results
17/09/2017 06:42:59 PM	[Graphs.py main 98]  607 root [INFO ] 
Creating the images (comparing the classified quality) for each language in part b
17/09/2017 06:42:59 PM	[Graphs.py __create_images_variables 25]  607 root [INFO ] 
Start analysis of classification results
17/09/2017 06:42:59 PM	[Graphs.py __create_lines_bars_plot 61]  692 root [DEBUG] 
The image was successfully created in the next 'C:\Users\Oren-Pc\Desktop\NLP-LAB\NLP-LAB\Part_B\Images - Analysis Classifier\Decision-Tree' path
17/09/2017 06:42:59 PM	[Graphs.py __create_lines_bars_plot 61]  786 root [DEBUG] 
The image was successfully created in the next 'C:\Users\Oren-Pc\Desktop\NLP-LAB\NLP-LAB\Part_B\Images - Analysis Classifier\KNN' path
17/09/2017 06:42:59 PM	[Graphs.py __create_lines_bars_plot 61]  852 root [DEBUG] 
The image was successfully created in the next 'C:\Users\Oren-Pc\Desktop\NLP-LAB\NLP-LAB\Part_B\Images - Analysis Classifier\Navie-Bayes' path
17/09/2017 06:42:59 PM	[Graphs.py __create_lines_bars_plot 61]  945 root [DEBUG] 
The image was successfully created in the next 'C:\Users\Oren-Pc\Desktop\NLP-LAB\NLP-LAB\Part_B\Images - Analysis Classifier\SVM:One-Vs-One' path
17/09/2017 06:42:59 PM	[Graphs.py main 100]  945 root [INFO ] 
Finish creating the images in part b
17/09/2017 06:42:59 PM	[Graphs.py main 102]  945 root [INFO ] 
Creating the images (comparing the classified quality) for each language in part c
17/09/2017 06:42:59 PM	[Graphs.py __create_images_variables 25]  945 root [INFO ] 
Start analysis of classification results
17/09/2017 06:43:00 PM	[Graphs.py __create_lines_bars_plot 61]  133 root [DEBUG] 
The image was successfully created in the next 'C:\Users\Oren-Pc\Desktop\NLP-LAB\NLP-LAB\Part_C\Images - Analysis Classifier\Decision-Tree' path
17/09/2017 06:43:00 PM	[Graphs.py __create_lines_bars_plot 61]  397 root [DEBUG] 
The image was successfully created in the next 'C:\Users\Oren-Pc\Desktop\NLP-LAB\NLP-LAB\Part_C\Images - Analysis Classifier\KNN' path
17/09/2017 06:43:00 PM	[Graphs.py __create_lines_bars_plot 61]  548 root [DEBUG] 
The image was successfully created in the next 'C:\Users\Oren-Pc\Desktop\NLP-LAB\NLP-LAB\Part_C\Images - Analysis Classifier\Navie-Bayes' path
17/09/2017 06:43:00 PM	[Graphs.py __create_lines_bars_plot 61]  710 root [DEBUG] 
The image was successfully created in the next 'C:\Users\Oren-Pc\Desktop\NLP-LAB\NLP-LAB\Part_C\Images - Analysis Classifier\SVM:One-Vs-All' path
17/09/2017 06:43:00 PM	[Graphs.py __create_lines_bars_plot 61]  833 root [DEBUG] 
The image was successfully created in the next 'C:\Users\Oren-Pc\Desktop\NLP-LAB\NLP-LAB\Part_C\Images - Analysis Classifier\SVM:One-Vs-One' path
17/09/2017 06:43:00 PM	[Graphs.py main 104]  833 root [INFO ] 
Finish creating the images in part c
17/09/2017 06:43:00 PM	[Graphs.py main 107]  833 root [INFO ] 
The total time taken for the program to run is 0.0206 minutes
17/09/2017 06:45:55 PM	[Graphs.py main 97]  514 root [INFO ] 
Creating the images (comparing the classified quality) for each language in part b
17/09/2017 06:45:55 PM	[Graphs.py __create_images_variables 25]  514 root [INFO ] 
Start analysis of classification results
17/09/2017 06:46:08 PM	[Graphs.py main 98]  542 root [INFO ] 
Creating the images (comparing the classified quality) for each language in part b
17/09/2017 06:46:08 PM	[Graphs.py __create_images_variables 25]  542 root [INFO ] 
Start analysis of classification results
17/09/2017 06:46:22 PM	[Graphs.py main 97]  384 root [INFO ] 
Creating the images (comparing the classified quality) for each language in part b
17/09/2017 06:46:22 PM	[Graphs.py __create_images_variables 25]  384 root [INFO ] 
Start analysis of classification results
17/09/2017 06:46:22 PM	[Graphs.py __create_lines_bars_plot 61]  484 root [DEBUG] 
The image was successfully created in the next 'C:\Users\Oren-Pc\Desktop\NLP-LAB\NLP-LAB\Part_B\Images - Analysis Classifier\Decision-Tree' path
17/09/2017 06:46:22 PM	[Graphs.py __create_lines_bars_plot 61]  561 root [DEBUG] 
The image was successfully created in the next 'C:\Users\Oren-Pc\Desktop\NLP-LAB\NLP-LAB\Part_B\Images - Analysis Classifier\KNN' path
17/09/2017 06:46:22 PM	[Graphs.py __create_lines_bars_plot 61]  643 root [DEBUG] 
The image was successfully created in the next 'C:\Users\Oren-Pc\Desktop\NLP-LAB\NLP-LAB\Part_B\Images - Analysis Classifier\Navie-Bayes' path
17/09/2017 06:46:22 PM	[Graphs.py __create_lines_bars_plot 61]  707 root [DEBUG] 
The image was successfully created in the next 'C:\Users\Oren-Pc\Desktop\NLP-LAB\NLP-LAB\Part_B\Images - Analysis Classifier\SVM:One-Vs-One' path
17/09/2017 06:46:22 PM	[Graphs.py main 99]  723 root [INFO ] 
Finish creating the images in part b
17/09/2017 06:46:22 PM	[Graphs.py main 101]  723 root [INFO ] 
Creating the images (comparing the classified quality) for each language in part c
17/09/2017 06:46:22 PM	[Graphs.py __create_images_variables 25]  723 root [INFO ] 
Start analysis of classification results
17/09/2017 06:46:22 PM	[Graphs.py __create_lines_bars_plot 61]  853 root [DEBUG] 
The image was successfully created in the next 'C:\Users\Oren-Pc\Desktop\NLP-LAB\NLP-LAB\Part_C\Images - Analysis Classifier\Decision-Tree' path
17/09/2017 06:46:23 PM	[Graphs.py __create_lines_bars_plot 61]  112 root [DEBUG] 
The image was successfully created in the next 'C:\Users\Oren-Pc\Desktop\NLP-LAB\NLP-LAB\Part_C\Images - Analysis Classifier\KNN' path
17/09/2017 06:46:23 PM	[Graphs.py __create_lines_bars_plot 61]  262 root [DEBUG] 
The image was successfully created in the next 'C:\Users\Oren-Pc\Desktop\NLP-LAB\NLP-LAB\Part_C\Images - Analysis Classifier\Navie-Bayes' path
17/09/2017 06:46:23 PM	[Graphs.py __create_lines_bars_plot 61]  408 root [DEBUG] 
The image was successfully created in the next 'C:\Users\Oren-Pc\Desktop\NLP-LAB\NLP-LAB\Part_C\Images - Analysis Classifier\SVM:One-Vs-All' path
17/09/2017 06:46:23 PM	[Graphs.py __create_lines_bars_plot 61]  517 root [DEBUG] 
The image was successfully created in the next 'C:\Users\Oren-Pc\Desktop\NLP-LAB\NLP-LAB\Part_C\Images - Analysis Classifier\SVM:One-Vs-One' path
17/09/2017 06:46:23 PM	[Graphs.py main 103]  517 root [INFO ] 
Finish creating the images in part c
17/09/2017 06:46:23 PM	[Graphs.py main 106]  517 root [INFO ] 
The total time taken for the program to run is 0.0190 minutes
